#
# A fatal error has been detected by the Java Runtime Environment:
#
#  EXCEPTION_ACCESS_VIOLATION (0xc0000005) at pc=0x00007ffd190b6407, pid=25720, tid=22808
#
# JRE version: Java(TM) SE Runtime Environment (22.0+36) (build 22+36-2370)
# Java VM: Java HotSpot(TM) 64-Bit Server VM (22+36-2370, mixed mode, sharing, tiered, compressed oops, compressed class ptrs, g1 gc, windows-amd64)
# Problematic frame:
# C  [glass.dll+0x26407]
#
# No core dump will be written. Minidumps are not enabled by default on client versions of Windows
#
# If you would like to submit a bug report, please visit:
#   https://bugreport.java.com/bugreport/crash.jsp
#

---------------  S U M M A R Y ------------

Command Line: -javaagent:C:\Program Files\JetBrains\IntelliJ IDEA 2023.3.6\lib\idea_rt.jar=61049:C:\Program Files\JetBrains\IntelliJ IDEA 2023.3.6\bin -Dfile.encoding=UTF-8 -Dsun.stdout.encoding=UTF-8 -Dsun.stderr.encoding=UTF-8 --module-path=C:\Users\nuutt\.m2\repository\com\dlsc\formsfx\formsfx-core\11.6.0\formsfx-core-11.6.0.jar;C:\Users\nuutt\.m2\repository\org\kordamp\bootstrapfx\bootstrapfx-core\0.4.0\bootstrapfx-core-0.4.0.jar;C:\Users\nuutt\.m2\repository\org\controlsfx\controlsfx\11.1.2\controlsfx-11.1.2.jar;C:\Users\nuutt\.m2\repository\org\openjfx\javafx-controls\20.0.1\javafx-controls-20.0.1-win.jar;C:\Users\nuutt\IdeaProjects\ProjectDemo\target\classes;C:\Users\nuutt\.m2\repository\org\openjfx\javafx-base\20.0.1\javafx-base-20.0.1-win.jar;C:\Users\nuutt\.m2\repository\org\openjfx\javafx-fxml\20.0.1\javafx-fxml-20.0.1-win.jar;C:\Users\nuutt\.m2\repository\org\openjfx\javafx-graphics\20.0.1\javafx-graphics-20.0.1-win.jar -Djdk.module.main=com.example.projectdemo com.example.projectdemo/com.example.projectdemo.view.Gui

Host: AMD Ryzen 5 5600H with Radeon Graphics         , 12 cores, 13G,  Windows 11 , 64 bit Build 22621 (10.0.22621.3958)
Time: Wed Oct 16 02:46:58 2024 Tokion normaaliaika elapsed time: 60.045181 seconds (0d 0h 1m 0s)

---------------  T H R E A D  ---------------

Current thread (0x000001b4ff274940):  VMThread "VM Thread"          [id=22808, stack(0x0000002659d00000,0x0000002659e00000) (1024K)]

Stack: [0x0000002659d00000,0x0000002659e00000],  sp=0x0000002659dfef30,  free space=1019k
Native frames: (J=compiled Java code, j=interpreted, Vv=VM code, C=native code)
C  [glass.dll+0x26407]  (no source info available)
C  [ucrtbase.dll+0x53a93]  (no source info available)
C  [ucrtbase.dll+0x2042e]  (no source info available)
C  [ucrtbase.dll+0x1dddd]  (no source info available)
C  [glass.dll+0x23bcd]  (no source info available)
C  [glass.dll+0x23cf2]  (no source info available)
C  [ntdll.dll+0x28b7f]  (no source info available)
C  [ntdll.dll+0x51586]  (no source info available)
C  [ntdll.dll+0x5117d]  (no source info available)
C  [KERNEL32.DLL+0x17fab]  (no source info available)
C  [ucrtbase.dll+0x1bed8]  (no source info available)
C  [ucrtbase.dll+0x1c099]  (no source info available)
V  [jvm.dll+0x6db4db]  (no source info available)
V  [jvm.dll+0x6db010]  (no source info available)
V  [jvm.dll+0x3e1df4]  (no source info available)
V  [jvm.dll+0x87d870]  (no source info available)
V  [jvm.dll+0x87ebf7]  (no source info available)
V  [jvm.dll+0x87f170]  (no source info available)
V  [jvm.dll+0x87f413]  (no source info available)
V  [jvm.dll+0x81d50b]  (no source info available)
V  [jvm.dll+0x6e09e5]  (no source info available)
C  [ucrtbase.dll+0x29333]  (no source info available)
C  [KERNEL32.DLL+0x1257d]  (no source info available)
C  [ntdll.dll+0x5af28]  (no source info available)


siginfo: EXCEPTION_ACCESS_VIOLATION (0xc0000005), reading address 0x0000000000000000


Registers:
RAX=0x0000000000000000, RBX=0x000001b4ff28022a, RCX=0x000001b4ff274940, RDX=0x0000002659dfef30
RSP=0x0000002659dfef30, RBP=0x000001b4da870368, RSI=0x0000002659dff038, RDI=0x000001b4da870340
R8 =0x0000000000010002, R9 =0x000001b4da870340, R10=0x85f13e9656da4870, R11=0x0000002659dfeec0
R12=0x00007ffd190b3d40, R13=0x00007ffcc1c04b20, R14=0x00001c91ae149f02, R15=0x000001b4da870340
RIP=0x00007ffd190b6407, EFLAGS=0x0000000000010206


Register to memory mapping:

RAX=0x0 is null
RBX=0x000001b4ff28022a is a global jni handle
RCX=0x000001b4ff274940 points into unknown readable memory: 0x00007ffcc1a04e20 | 20 4e a0 c1 fc 7f 00 00
RDX=0x0000002659dfef30 points into unknown readable memory: 0x0000000000000000 | 00 00 00 00 00 00 00 00
RSP=0x0000002659dfef30 points into unknown readable memory: 0x0000000000000000 | 00 00 00 00 00 00 00 00
RBP=0x000001b4da870368 points into unknown readable memory: 0x00001c91ae149f02 | 02 9f 14 ae 91 1c 00 00
RSI=0x0000002659dff038 points into unknown readable memory: 0x0000002659dff020 | 20 f0 df 59 26 00 00 00
RDI=0x000001b4da870340 points into unknown readable memory: 0x0001e365ca387e62 | 62 7e 38 ca 65 e3 01 00
R8 =0x0000000000010002 is an unknown value
R9 =0x000001b4da870340 points into unknown readable memory: 0x0001e365ca387e62 | 62 7e 38 ca 65 e3 01 00
R10=0x85f13e9656da4870 is an unknown value
R11=0x0000002659dfeec0 points into unknown readable memory: 0x000001b4da870340 | 40 03 87 da b4 01 00 00
R12=0x00007ffd190b3d40 glass.dll
R13=0x00007ffcc1c04b20 jvm.dll
R14=0x00001c91ae149f02 is an unknown value
R15=0x000001b4da870340 points into unknown readable memory: 0x0001e365ca387e62 | 62 7e 38 ca 65 e3 01 00

Top of Stack: (sp=0x0000002659dfef30)
0x0000002659dfef30:   0000000000000000 0000002659dff038
0x0000002659dfef40:   00007ffcc1c04b20 00007ffd190b3d40
0x0000002659dfef50:   000001b4da870348 00007ffd346a3a93
0x0000002659dfef60:   000001b4da870340 000001b400000000
0x0000002659dfef70:   000001b4da870368 0000002659dff038
0x0000002659dfef80:   fffffffffffffffe 0000000000000000
0x0000002659dfef90:   0000000000000001 00007ffd19090000
0x0000002659dfefa0:   0000002659dff028 00007ffd3467042e
0x0000002659dfefb0:   0000000000000000 0000002659dff038
0x0000002659dfefc0:   0000002659dff320 0000000000000001
0x0000002659dfefd0:   0000000000000001 00007ffd3466dddd
0x0000002659dfefe0:   0000000000000000 00007ffd190b3539
0x0000002659dfeff0:   00007ffd311f6ef0 0000002659dff028
0x0000002659dff000:   fffffffffffffffe 0000002659dfeff0
0x0000002659dff010:   0000000000000000 00007ffd190b3bcd
0x0000002659dff020:   00007ffd190c9f88 00007ffd00000002
0x0000002659dff030:   0000000000000002 0000002659dff020
0x0000002659dff040:   0000000000000000 00007ffd36e98ae3
0x0000002659dff050:   0000000000000000 00007ffd190b3cf2
0x0000002659dff060:   0000000000000001 0000000000000001
0x0000002659dff070:   0000002659dff320 0000000000000001
0x0000002659dff080:   00007ffd36050000 00007ffd33a22223
0x0000002659dff090:   0000000000000001 00007ffd33a40000
0x0000002659dff0a0:   00007ffd19090000 000000007ffe0384
0x0000002659dff0b0:   0000000000000000 00007ffd36e98b7f
0x0000002659dff0c0:   00007ffd19090000 0000000000000000
0x0000002659dff0d0:   0000000000000001 000000007ffe0385
0x0000002659dff0e0:   0000000000000000 00007ffd36ec17c9
0x0000002659dff0f0:   000073127fc77b00 0000000000000014
0x0000002659dff100:   00007ffd190b3d40 0000000000000000
0x0000002659dff110:   0000000000000000 00000026591cf000
0x0000002659dff120:   000001b4da826660 00007ffd36ec1586 

Instructions: (pc=0x00007ffd190b6407)
0x00007ffd190b6307:   8b 4d 58 e8 7d cf ff ff 48 8b 4d 60 e8 74 cf ff
0x00007ffd190b6317:   ff 48 8b 95 80 00 00 00 48 8b 8d 18 01 00 00 e8
0x00007ffd190b6327:   66 c4 ff ff 33 d2 33 c9 e8 bc e1 ff ff 90 48 89
0x00007ffd190b6337:   54 24 10 55 48 83 ec 20 48 8b ea 48 b8 00 00 00
0x00007ffd190b6347:   00 00 00 00 00 48 83 c4 20 5d c3 cc 40 55 48 8b
0x00007ffd190b6357:   ea 48 8b 01 33 c9 81 38 05 00 00 c0 0f 94 c1 8b
0x00007ffd190b6367:   c1 5d c3 cc 40 55 48 83 ec 20 48 8b ea 8a 4d 40
0x00007ffd190b6377:   48 83 c4 20 5d e9 63 d3 ff ff cc 40 55 48 83 ec
0x00007ffd190b6387:   20 48 8b ea 8a 4d 20 e8 51 d3 ff ff 90 48 83 c4
0x00007ffd190b6397:   20 5d c3 cc 40 55 48 83 ec 20 48 8b ea 48 83 c4
0x00007ffd190b63a7:   20 5d e9 b2 d1 ff ff cc 40 55 48 83 ec 30 48 8b
0x00007ffd190b63b7:   ea 48 8b 01 8b 10 48 89 4c 24 28 89 54 24 20 4c
0x00007ffd190b63c7:   8d 0d 53 d6 ff ff 4c 8b 45 70 8b 55 68 48 8b 4d
0x00007ffd190b63d7:   60 e8 f3 d0 ff ff 90 48 83 c4 30 5d c3 cc cc cc
0x00007ffd190b63e7:   cc cc cc cc cc cc cc cc cc 40 53 48 83 ec 20 48
0x00007ffd190b63f7:   8b 1d 8b 35 01 00 48 85 db 74 16 e8 79 8b ff ff
0x00007ffd190b6407:   4c 8b 00 48 8b d3 48 8b c8 41 ff 90 b0 00 00 00
0x00007ffd190b6417:   90 48 83 c4 20 5b c3 cc cc 40 53 48 83 ec 20 48
0x00007ffd190b6427:   8b 1d fb 36 01 00 48 85 db 74 57 b8 ff ff ff ff
0x00007ffd190b6437:   f0 0f c1 43 10 83 f8 01 75 3d 48 85 db 74 38 48
0x00007ffd190b6447:   8b 0b 48 85 c9 74 0d ff 15 54 0e 00 00 48 c7 03
0x00007ffd190b6457:   00 00 00 00 48 8b 4b 08 48 85 c9 74 0d e8 23 ce
0x00007ffd190b6467:   ff ff 48 c7 43 08 00 00 00 00 ba 18 00 00 00 48
0x00007ffd190b6477:   8b cb e8 0e ce ff ff 48 c7 05 9f 36 01 00 00 00
0x00007ffd190b6487:   00 00 48 83 c4 20 5b c3 cc 40 53 48 83 ec 20 48
0x00007ffd190b6497:   8b 1d 6b 36 01 00 48 85 db 74 57 b8 ff ff ff ff
0x00007ffd190b64a7:   f0 0f c1 43 10 83 f8 01 75 3d 48 85 db 74 38 48
0x00007ffd190b64b7:   8b 0b 48 85 c9 74 0d ff 15 e4 0d 00 00 48 c7 03
0x00007ffd190b64c7:   00 00 00 00 48 8b 4b 08 48 85 c9 74 0d e8 b3 cd
0x00007ffd190b64d7:   ff ff 48 c7 43 08 00 00 00 00 ba 18 00 00 00 48
0x00007ffd190b64e7:   8b cb e8 9e cd ff ff 48 c7 05 0f 36 01 00 00 00
0x00007ffd190b64f7:   00 00 48 83 c4 20 5b c3 cc 40 53 48 83 ec 20 48 


Stack slot to memory mapping:

stack at sp + 0 slots: 0x0 is null
stack at sp + 1 slots: 0x0000002659dff038 points into unknown readable memory: 0x0000002659dff020 | 20 f0 df 59 26 00 00 00
stack at sp + 2 slots: 0x00007ffcc1c04b20 jvm.dll
stack at sp + 3 slots: 0x00007ffd190b3d40 glass.dll
stack at sp + 4 slots: 0x000001b4da870348 points into unknown readable memory: 0x00001c91ae149f02 | 02 9f 14 ae 91 1c 00 00
stack at sp + 5 slots: 0x00007ffd346a3a93 ucrtbase.dll
stack at sp + 6 slots: 0x000001b4da870340 points into unknown readable memory: 0x0001e365ca387e62 | 62 7e 38 ca 65 e3 01 00
stack at sp + 7 slots: 0x000001b400000000 is an unknown value

VM_Operation (0x000000265ccff220): Exit, mode: safepoint, requested by thread 0x000001b4db1140f0


---------------  P R O C E S S  ---------------

Threads class SMR info:
_java_thread_list=0x000001b4e5b19eb0, length=21, elements={
0x000001b4f2d83770, 0x000001b4ff28eee0, 0x000001b4ff28fcf0, 0x000001b4ff291510,
0x000001b4ff292ab0, 0x000001b4ff296a40, 0x000001b4ff2a05f0, 0x000001b4ff2a8b00,
0x000001b4ff2a96e0, 0x000001b4ff25fec0, 0x000001b494bf0210, 0x000001b4da626340,
0x000001b4da78ac60, 0x000001b4da897500, 0x000001b4da897b70, 0x000001b4daaf52d0,
0x000001b4daaf7a90, 0x000001b4dae63cd0, 0x000001b4db1133d0, 0x000001b4db113a60,
0x000001b4db1140f0
}

Java Threads: ( => current thread )
  0x000001b4f2d83770 JavaThread "main"                              [_thread_blocked, id=25024, stack(0x0000002659600000,0x0000002659700000) (1024K)]
  0x000001b4ff28eee0 JavaThread "Reference Handler"          daemon [_thread_blocked, id=19024, stack(0x0000002659e00000,0x0000002659f00000) (1024K)]
  0x000001b4ff28fcf0 JavaThread "Finalizer"                  daemon [_thread_blocked, id=3392, stack(0x0000002659f00000,0x000000265a000000) (1024K)]
  0x000001b4ff291510 JavaThread "Signal Dispatcher"          daemon [_thread_blocked, id=3444, stack(0x000000265a000000,0x000000265a100000) (1024K)]
  0x000001b4ff292ab0 JavaThread "Attach Listener"            daemon [_thread_blocked, id=6044, stack(0x000000265a100000,0x000000265a200000) (1024K)]
  0x000001b4ff296a40 JavaThread "Service Thread"             daemon [_thread_blocked, id=23568, stack(0x000000265a200000,0x000000265a300000) (1024K)]
  0x000001b4ff2a05f0 JavaThread "Monitor Deflation Thread"   daemon [_thread_blocked, id=4696, stack(0x000000265a300000,0x000000265a400000) (1024K)]
  0x000001b4ff2a8b00 JavaThread "C2 CompilerThread0"         daemon [_thread_blocked, id=9688, stack(0x000000265a400000,0x000000265a500000) (1024K)]
  0x000001b4ff2a96e0 JavaThread "C1 CompilerThread0"         daemon [_thread_blocked, id=24496, stack(0x000000265a500000,0x000000265a600000) (1024K)]
  0x000001b4ff25fec0 JavaThread "Common-Cleaner"             daemon [_thread_blocked, id=19348, stack(0x000000265a600000,0x000000265a700000) (1024K)]
  0x000001b494bf0210 JavaThread "Monitor Ctrl-Break"         daemon [_thread_in_native, id=23424, stack(0x000000265a900000,0x000000265aa00000) (1024K)]
  0x000001b4da626340 JavaThread "Notification Thread"        daemon [_thread_blocked, id=12776, stack(0x000000265aa00000,0x000000265ab00000) (1024K)]
  0x000001b4da78ac60 JavaThread "QuantumRenderer-0"          daemon [_thread_blocked, id=17024, stack(0x000000265ab00000,0x000000265ac00000) (1024K)]
  0x000001b4da897500 JavaThread "InvokeLaterDispatcher"      daemon [_thread_blocked, id=27720, stack(0x000000265ae00000,0x000000265af00000) (1024K)]
  0x000001b4da897b70 JavaThread "JavaFX Application Thread"         [_thread_in_native, id=20840, stack(0x000000265af00000,0x000000265b000000) (1024K)]
  0x000001b4daaf52d0 JavaThread "JavaFX-Launcher"                   [_thread_blocked, id=20756, stack(0x000000265a700000,0x000000265a800000) (1024K)]
  0x000001b4daaf7a90 JavaThread "Thread-2"                   daemon [_thread_in_native, id=29068, stack(0x000000265b800000,0x000000265b900000) (1024K)]
  0x000001b4dae63cd0 JavaThread "Prism Font Disposer"        daemon [_thread_blocked, id=19344, stack(0x000000265bf00000,0x000000265c000000) (1024K)]
  0x000001b4db1133d0 JavaThread "Cleaner-0"                  daemon [_thread_blocked, id=9488, stack(0x000000265c400000,0x000000265c500000) (1024K)]
  0x000001b4db113a60 JavaThread "mysql-cj-abandoned-connection-cleanup" daemon [_thread_blocked, id=27240, stack(0x000000265c900000,0x000000265ca00000) (1024K)]
  0x000001b4db1140f0 JavaThread "SIGINT handler"             daemon [_thread_blocked, id=15356, stack(0x000000265cc00000,0x000000265cd00000) (1024K)]
Total: 21

Other Threads:
=>0x000001b4ff274940 VMThread "VM Thread"                           [id=22808, stack(0x0000002659d00000,0x0000002659e00000) (1024K)]
  0x000001b4f502e120 WorkerThread "GC Thread#0"                     [id=13996, stack(0x0000002659700000,0x0000002659800000) (1024K)]
  0x000001b4daaff790 WorkerThread "GC Thread#1"                     [id=20324, stack(0x000000265a800000,0x000000265a900000) (1024K)]
  0x000001b4daaffb40 WorkerThread "GC Thread#2"                     [id=23204, stack(0x000000265b900000,0x000000265ba00000) (1024K)]
  0x000001b4dab00700 WorkerThread "GC Thread#3"                     [id=15116, stack(0x000000265ba00000,0x000000265bb00000) (1024K)]
  0x000001b4dab018d0 WorkerThread "GC Thread#4"                     [id=24428, stack(0x000000265bb00000,0x000000265bc00000) (1024K)]
  0x000001b4dab02090 WorkerThread "GC Thread#5"                     [id=28000, stack(0x000000265bc00000,0x000000265bd00000) (1024K)]
  0x000001b4db136620 WorkerThread "GC Thread#6"                     [id=27308, stack(0x000000265c500000,0x000000265c600000) (1024K)]
  0x000001b4db1341e0 WorkerThread "GC Thread#7"                     [id=22120, stack(0x000000265c600000,0x000000265c700000) (1024K)]
  0x000001b4db20fb70 WorkerThread "GC Thread#8"                     [id=10288, stack(0x000000265c700000,0x000000265c800000) (1024K)]
  0x000001b4db20ff20 WorkerThread "GC Thread#9"                     [id=11408, stack(0x000000265c800000,0x000000265c900000) (1024K)]
  0x000001b4f503d080 ConcurrentGCThread "G1 Main Marker"            terminated
  0x000001b4f503db90 WorkerThread "G1 Conc#0"                       [id=4880, stack(0x0000002659900000,0x0000002659a00000) (1024K)]
  0x000001b4db2d56e0 WorkerThread "G1 Conc#1"                       [id=29296, stack(0x000000265ca00000,0x000000265cb00000) (1024K)]
  0x000001b4db2d6950 WorkerThread "G1 Conc#2"                       [id=17624, stack(0x000000265cb00000,0x000000265cc00000) (1024K)]
  0x000001b4f508e940 ConcurrentGCThread "G1 Refine#0"               terminated
  0x000001b4ff133ae0 ConcurrentGCThread "G1 Service"                terminated
Total: 17

Threads with active compile tasks:
Total: 0

VM state: at safepoint (shutting down)

VM Mutex/Monitor currently owned by a thread:  ([mutex/lock_event])
[0x00007ffcc1bdcbc8] Threads_lock - owner thread: 0x000001b4ff274940
[0x00007ffcc1bdccc8] Heap_lock - owner thread: 0x000001b4db1140f0

Heap address: 0x0000000722400000, size: 3548 MB, Compressed Oops mode: Zero based, Oop shift amount: 3

CDS archive(s) mapped at: [0x000001b495000000-0x000001b495c60000-0x000001b495c60000), size 12976128, SharedBaseAddress: 0x000001b495000000, ArchiveRelocationMode: 1.
Compressed class space mapped at: 0x000001b496000000-0x000001b4d6000000, reserved size: 1073741824
Narrow klass base: 0x000001b495000000, Narrow klass shift: 0, Narrow klass range: 0x41000000

GC Precious Log:
 CardTable entry size: 512
 Card Set container configuration: InlinePtr #cards 4 size 8 Array Of Cards #cards 16 size 48 Howl #buckets 8 coarsen threshold 3686 Howl Bitmap #cards 512 size 80 coarsen threshold 460 Card regions per heap region 1 cards per card region 4096
 CPUs: 12 total, 12 available
 Memory: 14188M
 Large Page Support: Disabled
 NUMA Support: Disabled
 Compressed Oops: Enabled (Zero based)
 Heap Region Size: 2M
 Heap Min Capacity: 8M
 Heap Initial Capacity: 222M
 Heap Max Capacity: 3548M
 Pre-touch: Disabled
 Parallel Workers: 10
 Concurrent Workers: 3
 Concurrent Refinement Workers: 10
 Periodic GC: Disabled

Heap:
 garbage-first heap   total reserved 3633152K, committed 157696K, used 104448K [0x0000000722400000, 0x0000000800000000)
  region size 2048K, 6 young (12288K), 1 survivors (2048K)
 Metaspace       used 30849K, committed 31360K, reserved 1114112K
  class space    used 4263K, committed 4480K, reserved 1048576K

Heap Regions: E=young(eden), S=young(survivor), O=old, HS=humongous(starts), HC=humongous(continues), CS=collection set, F=free, TAMS=top-at-mark-start, PB=parsable bottom
|   0|0x0000000722400000, 0x0000000722600000, 0x0000000722600000|100%| O|  |TAMS 0x0000000722400000| PB 0x0000000722400000| Untracked |  0
|   1|0x0000000722600000, 0x0000000722800000, 0x0000000722800000|100%| O|  |TAMS 0x0000000722600000| PB 0x0000000722600000| Untracked |  0
|   2|0x0000000722800000, 0x0000000722a00000, 0x0000000722a00000|100%|HS|  |TAMS 0x0000000722800000| PB 0x0000000722800000| Complete |  0
|   3|0x0000000722a00000, 0x0000000722c00000, 0x0000000722c00000|100%| O|  |TAMS 0x0000000722a00000| PB 0x0000000722a00000| Untracked |  0
|   4|0x0000000722c00000, 0x0000000722e00000, 0x0000000722e00000|100%| O|  |TAMS 0x0000000722c00000| PB 0x0000000722c00000| Untracked |  0
|   5|0x0000000722e00000, 0x0000000723000000, 0x0000000723000000|100%| O|  |TAMS 0x0000000722e00000| PB 0x0000000722e00000| Untracked |  0
|   6|0x0000000723000000, 0x0000000723200000, 0x0000000723200000|100%| O|  |TAMS 0x0000000723000000| PB 0x0000000723000000| Untracked |  0
|   7|0x0000000723200000, 0x0000000723400000, 0x0000000723400000|100%| O|Cm|TAMS 0x0000000723200000| PB 0x0000000723200000| Complete |  0
|   8|0x0000000723400000, 0x0000000723600000, 0x0000000723600000|100%|HS|  |TAMS 0x0000000723400000| PB 0x0000000723400000| Complete |  0
|   9|0x0000000723600000, 0x0000000723800000, 0x0000000723800000|100%| O|  |TAMS 0x0000000723600000| PB 0x0000000723600000| Untracked |  0
|  10|0x0000000723800000, 0x0000000723a00000, 0x0000000723a00000|100%|HS|  |TAMS 0x0000000723800000| PB 0x0000000723800000| Complete |  0
|  11|0x0000000723a00000, 0x0000000723c00000, 0x0000000723c00000|100%|HS|  |TAMS 0x0000000723a00000| PB 0x0000000723a00000| Complete |  0
|  12|0x0000000723c00000, 0x0000000723e00000, 0x0000000723e00000|100%|HC|  |TAMS 0x0000000723c00000| PB 0x0000000723c00000| Complete |  0
|  13|0x0000000723e00000, 0x0000000724000000, 0x0000000724000000|100%|HC|  |TAMS 0x0000000723e00000| PB 0x0000000723e00000| Complete |  0
|  14|0x0000000724000000, 0x0000000724200000, 0x0000000724200000|100%|HC|  |TAMS 0x0000000724000000| PB 0x0000000724000000| Complete |  0
|  15|0x0000000724200000, 0x0000000724400000, 0x0000000724400000|100%|HC|  |TAMS 0x0000000724200000| PB 0x0000000724200000| Complete |  0
|  16|0x0000000724400000, 0x0000000724600000, 0x0000000724600000|100%|HC|  |TAMS 0x0000000724400000| PB 0x0000000724400000| Complete |  0
|  17|0x0000000724600000, 0x0000000724800000, 0x0000000724800000|100%|HC|  |TAMS 0x0000000724600000| PB 0x0000000724600000| Complete |  0
|  18|0x0000000724800000, 0x0000000724a00000, 0x0000000724a00000|100%|HC|  |TAMS 0x0000000724800000| PB 0x0000000724800000| Complete |  0
|  19|0x0000000724a00000, 0x0000000724c00000, 0x0000000724c00000|100%|HC|  |TAMS 0x0000000724a00000| PB 0x0000000724a00000| Complete |  0
|  20|0x0000000724c00000, 0x0000000724e00000, 0x0000000724e00000|100%|HC|  |TAMS 0x0000000724c00000| PB 0x0000000724c00000| Complete |  0
|  21|0x0000000724e00000, 0x0000000725000000, 0x0000000725000000|100%|HC|  |TAMS 0x0000000724e00000| PB 0x0000000724e00000| Complete |  0
|  22|0x0000000725000000, 0x0000000725200000, 0x0000000725200000|100%|HC|  |TAMS 0x0000000725000000| PB 0x0000000725000000| Complete |  0
|  23|0x0000000725200000, 0x0000000725400000, 0x0000000725400000|100%|HC|  |TAMS 0x0000000725200000| PB 0x0000000725200000| Complete |  0
|  24|0x0000000725400000, 0x0000000725600000, 0x0000000725600000|100%|HC|  |TAMS 0x0000000725400000| PB 0x0000000725400000| Complete |  0
|  25|0x0000000725600000, 0x0000000725800000, 0x0000000725800000|100%|HC|  |TAMS 0x0000000725600000| PB 0x0000000725600000| Complete |  0
|  26|0x0000000725800000, 0x0000000725a00000, 0x0000000725a00000|100%|HC|  |TAMS 0x0000000725800000| PB 0x0000000725800000| Complete |  0
|  27|0x0000000725a00000, 0x0000000725c00000, 0x0000000725c00000|100%|HC|  |TAMS 0x0000000725a00000| PB 0x0000000725a00000| Complete |  0
|  28|0x0000000725c00000, 0x0000000725e00000, 0x0000000725e00000|100%|HC|  |TAMS 0x0000000725c00000| PB 0x0000000725c00000| Complete |  0
|  29|0x0000000725e00000, 0x0000000726000000, 0x0000000726000000|100%|HS|  |TAMS 0x0000000725e00000| PB 0x0000000725e00000| Complete |  0
|  30|0x0000000726000000, 0x0000000726200000, 0x0000000726200000|100%|HC|  |TAMS 0x0000000726000000| PB 0x0000000726000000| Complete |  0
|  31|0x0000000726200000, 0x0000000726400000, 0x0000000726400000|100%|HC|  |TAMS 0x0000000726200000| PB 0x0000000726200000| Complete |  0
|  32|0x0000000726400000, 0x0000000726600000, 0x0000000726600000|100%|HC|  |TAMS 0x0000000726400000| PB 0x0000000726400000| Complete |  0
|  33|0x0000000726600000, 0x0000000726800000, 0x0000000726800000|100%|HC|  |TAMS 0x0000000726600000| PB 0x0000000726600000| Complete |  0
|  34|0x0000000726800000, 0x0000000726a00000, 0x0000000726a00000|100%|HS|  |TAMS 0x0000000726800000| PB 0x0000000726800000| Complete |  0
|  35|0x0000000726a00000, 0x0000000726c00000, 0x0000000726c00000|100%|HC|  |TAMS 0x0000000726a00000| PB 0x0000000726a00000| Complete |  0
|  36|0x0000000726c00000, 0x0000000726e00000, 0x0000000726e00000|100%|HC|  |TAMS 0x0000000726c00000| PB 0x0000000726c00000| Complete |  0
|  37|0x0000000726e00000, 0x0000000727000000, 0x0000000727000000|100%|HC|  |TAMS 0x0000000726e00000| PB 0x0000000726e00000| Complete |  0
|  38|0x0000000727000000, 0x0000000727200000, 0x0000000727200000|100%|HC|  |TAMS 0x0000000727000000| PB 0x0000000727000000| Complete |  0
|  39|0x0000000727200000, 0x0000000727400000, 0x0000000727400000|100%|HC|  |TAMS 0x0000000727200000| PB 0x0000000727200000| Complete |  0
|  40|0x0000000727400000, 0x0000000727600000, 0x0000000727600000|100%|HC|  |TAMS 0x0000000727400000| PB 0x0000000727400000| Complete |  0
|  41|0x0000000727600000, 0x0000000727800000, 0x0000000727800000|100%|HC|  |TAMS 0x0000000727600000| PB 0x0000000727600000| Complete |  0
|  42|0x0000000727800000, 0x0000000727a00000, 0x0000000727a00000|100%|HC|  |TAMS 0x0000000727800000| PB 0x0000000727800000| Complete |  0
|  43|0x0000000727a00000, 0x0000000727c00000, 0x0000000727c00000|100%|HC|  |TAMS 0x0000000727a00000| PB 0x0000000727a00000| Complete |  0
|  44|0x0000000727c00000, 0x0000000727e00000, 0x0000000727e00000|100%|HC|  |TAMS 0x0000000727c00000| PB 0x0000000727c00000| Complete |  0
|  45|0x0000000727e00000, 0x0000000727e00000, 0x0000000728000000|  0%| F|  |TAMS 0x0000000727e00000| PB 0x0000000727e00000| Untracked |  0
|  46|0x0000000728000000, 0x0000000728000000, 0x0000000728200000|  0%| F|  |TAMS 0x0000000728000000| PB 0x0000000728000000| Untracked |  0
|  47|0x0000000728200000, 0x0000000728200000, 0x0000000728400000|  0%| F|  |TAMS 0x0000000728200000| PB 0x0000000728200000| Untracked |  0
|  48|0x0000000728400000, 0x0000000728400000, 0x0000000728600000|  0%| F|  |TAMS 0x0000000728400000| PB 0x0000000728400000| Untracked |  0
|  49|0x0000000728600000, 0x0000000728600000, 0x0000000728800000|  0%| F|  |TAMS 0x0000000728600000| PB 0x0000000728600000| Untracked |  0
|  50|0x0000000728800000, 0x0000000728800000, 0x0000000728a00000|  0%| F|  |TAMS 0x0000000728800000| PB 0x0000000728800000| Untracked |  0
|  51|0x0000000728a00000, 0x0000000728a00000, 0x0000000728c00000|  0%| F|  |TAMS 0x0000000728a00000| PB 0x0000000728a00000| Untracked |  0
|  52|0x0000000728c00000, 0x0000000728c00000, 0x0000000728e00000|  0%| F|  |TAMS 0x0000000728c00000| PB 0x0000000728c00000| Untracked |  0
|  53|0x0000000728e00000, 0x0000000728e00000, 0x0000000729000000|  0%| F|  |TAMS 0x0000000728e00000| PB 0x0000000728e00000| Untracked |  0
|  54|0x0000000729000000, 0x0000000729000000, 0x0000000729200000|  0%| F|  |TAMS 0x0000000729000000| PB 0x0000000729000000| Untracked |  0
|  55|0x0000000729200000, 0x0000000729200000, 0x0000000729400000|  0%| F|  |TAMS 0x0000000729200000| PB 0x0000000729200000| Untracked |  0
|  56|0x0000000729400000, 0x0000000729400000, 0x0000000729600000|  0%| F|  |TAMS 0x0000000729400000| PB 0x0000000729400000| Untracked |  0
|  57|0x0000000729600000, 0x0000000729600000, 0x0000000729800000|  0%| F|  |TAMS 0x0000000729600000| PB 0x0000000729600000| Untracked |  0
|  58|0x0000000729800000, 0x0000000729800000, 0x0000000729a00000|  0%| F|  |TAMS 0x0000000729800000| PB 0x0000000729800000| Untracked |  0
|  59|0x0000000729a00000, 0x0000000729a00000, 0x0000000729c00000|  0%| F|  |TAMS 0x0000000729a00000| PB 0x0000000729a00000| Untracked |  0
|  60|0x0000000729c00000, 0x0000000729c00000, 0x0000000729e00000|  0%| F|  |TAMS 0x0000000729c00000| PB 0x0000000729c00000| Untracked |  0
|  61|0x0000000729e00000, 0x0000000729e00000, 0x000000072a000000|  0%| F|  |TAMS 0x0000000729e00000| PB 0x0000000729e00000| Untracked |  0
|  62|0x000000072a000000, 0x000000072a000000, 0x000000072a200000|  0%| F|  |TAMS 0x000000072a000000| PB 0x000000072a000000| Untracked |  0
|  63|0x000000072a200000, 0x000000072a200000, 0x000000072a400000|  0%| F|  |TAMS 0x000000072a200000| PB 0x000000072a200000| Untracked |  0
|  64|0x000000072a400000, 0x000000072a400000, 0x000000072a600000|  0%| F|  |TAMS 0x000000072a400000| PB 0x000000072a400000| Untracked |  0
|  65|0x000000072a600000, 0x000000072a600000, 0x000000072a800000|  0%| F|  |TAMS 0x000000072a600000| PB 0x000000072a600000| Untracked |  0
|  66|0x000000072a800000, 0x000000072a800000, 0x000000072aa00000|  0%| F|  |TAMS 0x000000072a800000| PB 0x000000072a800000| Untracked |  0
|  67|0x000000072aa00000, 0x000000072aa00000, 0x000000072ac00000|  0%| F|  |TAMS 0x000000072aa00000| PB 0x000000072aa00000| Untracked |  0
|  68|0x000000072ac00000, 0x000000072ac00000, 0x000000072ae00000|  0%| F|  |TAMS 0x000000072ac00000| PB 0x000000072ac00000| Untracked |  0
|  90|0x000000072d800000, 0x000000072d919b58, 0x000000072da00000| 55%| E|  |TAMS 0x000000072d800000| PB 0x000000072d800000| Complete |  0
|  91|0x000000072da00000, 0x000000072dc00000, 0x000000072dc00000|100%| S|CS|TAMS 0x000000072da00000| PB 0x000000072da00000| Complete |  0
|  92|0x000000072dc00000, 0x000000072de00000, 0x000000072de00000|100%| E|CS|TAMS 0x000000072dc00000| PB 0x000000072dc00000| Complete |  0
|  93|0x000000072de00000, 0x000000072e000000, 0x000000072e000000|100%| E|  |TAMS 0x000000072de00000| PB 0x000000072de00000| Complete |  0
|  94|0x000000072e000000, 0x000000072e200000, 0x000000072e200000|100%| E|CS|TAMS 0x000000072e000000| PB 0x000000072e000000| Complete |  0
| 110|0x0000000730000000, 0x0000000730200000, 0x0000000730200000|100%| E|CS|TAMS 0x0000000730000000| PB 0x0000000730000000| Complete |  0
|1772|0x00000007ffc00000, 0x00000007ffe00000, 0x00000007ffe00000|100%| O|  |TAMS 0x00000007ffc00000| PB 0x00000007ffc00000| Untracked |  0
|1773|0x00000007ffe00000, 0x0000000800000000, 0x0000000800000000|100%| O|  |TAMS 0x00000007ffe00000| PB 0x00000007ffe00000| Untracked |  0

Card table byte_map: [0x000001b4fdf50000,0x000001b4fe640000] _byte_map_base: 0x000001b4fa63e000

Marking Bits: (CMBitMap*) 0x000001b4f502e830
 Bits: [0x000001b48f000000, 0x000001b492770000)

Polling page: 0x000001b4f4790000

Metaspace:

Usage:
  Non-class:     25.96 MB used.
      Class:      4.16 MB used.
       Both:     30.13 MB used.

Virtual space:
  Non-class space:       64.00 MB reserved,      26.25 MB ( 41%) committed,  1 nodes.
      Class space:        1.00 GB reserved,       4.38 MB ( <1%) committed,  1 nodes.
             Both:        1.06 GB reserved,      30.62 MB (  3%) committed. 

Chunk freelists:
   Non-Class:  5.61 MB
       Class:  11.67 MB
        Both:  17.28 MB

MaxMetaspaceSize: unlimited
CompressedClassSpaceSize: 1.00 GB
Initial GC threshold: 21.00 MB
Current GC threshold: 43.69 MB
CDS: on
 - commit_granule_bytes: 65536.
 - commit_granule_words: 8192.
 - virtual_space_node_default_size: 8388608.
 - enlarge_chunks_in_place: 1.
 - use_allocation_guard: 0.


Internal statistics:

num_allocs_failed_limit: 3.
num_arena_births: 518.
num_arena_deaths: 0.
num_vsnodes_births: 2.
num_vsnodes_deaths: 0.
num_space_committed: 490.
num_space_uncommitted: 0.
num_chunks_returned_to_freelist: 3.
num_chunks_taken_from_freelist: 1384.
num_chunk_merges: 3.
num_chunk_splits: 932.
num_chunks_enlarged: 639.
num_inconsistent_stats: 0.

CodeHeap 'non-profiled nmethods': size=120000Kb used=3168Kb max_used=3168Kb free=116831Kb
 bounds [0x000001b487ad0000, 0x000001b487df0000, 0x000001b48f000000]
CodeHeap 'profiled nmethods': size=120000Kb used=11561Kb max_used=11561Kb free=108438Kb
 bounds [0x000001b480000000, 0x000001b480b50000, 0x000001b487530000]
CodeHeap 'non-nmethods': size=5760Kb used=2004Kb max_used=2053Kb free=3755Kb
 bounds [0x000001b487530000, 0x000001b4877a0000, 0x000001b487ad0000]
 total_blobs=6608 nmethods=5642 adapters=869
 compilation: enabled
              stopped_count=0, restarted_count=0
 full_count=0

Compilation events (20 events):
Event: 25.388 Thread 0x000001b4ff2a96e0 6039       3       java.nio.MappedByteBuffer::position (6 bytes)
Event: 25.388 Thread 0x000001b4ff2a96e0 nmethod 6039 0x000001b480b42510 code [0x000001b480b426c0, 0x000001b480b428d0]
Event: 28.122 Thread 0x000001b4ff2a96e0 6040       3       javafx.scene.layout.Region::doPickNodeLocal (30 bytes)
Event: 28.122 Thread 0x000001b4ff2a96e0 nmethod 6040 0x000001b480b42a10 code [0x000001b480b42c20, 0x000001b480b432e8]
Event: 28.169 Thread 0x000001b4ff2a96e0 6041       3       com.sun.javafx.collections.VetoableListDecorator$VetoableIteratorDecorator::<init> (36 bytes)
Event: 28.169 Thread 0x000001b4ff2a96e0 nmethod 6041 0x000001b480b43610 code [0x000001b480b437c0, 0x000001b480b43b08]
Event: 28.173 Thread 0x000001b4ff2a96e0 6042       3       javafx.scene.shape.Rectangle::doConfigShape (92 bytes)
Event: 28.175 Thread 0x000001b4ff2a96e0 nmethod 6042 0x000001b480b43c90 code [0x000001b480b44060, 0x000001b480b46448]
Event: 28.176 Thread 0x000001b4ff2a96e0 6043       3       javafx.scene.Parent::computeViewOrderChildren (93 bytes)
Event: 28.176 Thread 0x000001b4ff2a96e0 nmethod 6043 0x000001b480b46d90 code [0x000001b480b47000, 0x000001b480b47b98]
Event: 28.438 Thread 0x000001b4ff2a96e0 6044       3       java.util.ArrayDeque::removeFirst (19 bytes)
Event: 28.438 Thread 0x000001b4ff2a96e0 nmethod 6044 0x000001b480b47f10 code [0x000001b480b480c0, 0x000001b480b48388]
Event: 29.673 Thread 0x000001b4ff2a96e0 6045  s!   3       jdk.internal.loader.URLClassPath::getLoader (194 bytes)
Event: 29.674 Thread 0x000001b4ff2a96e0 nmethod 6045 0x000001b480b48490 code [0x000001b480b48780, 0x000001b480b49c08]
Event: 49.703 Thread 0x000001b4ff2a96e0 6046       3       jdk.internal.loader.BuiltinClassLoader::hasClassPath (13 bytes)
Event: 49.704 Thread 0x000001b4ff2a96e0 nmethod 6046 0x000001b480b4a390 code [0x000001b480b4a520, 0x000001b480b4a688]
Event: 59.526 Thread 0x000001b4ff2a96e0 6047       3       java.util.Collections$3::hasMoreElements (10 bytes)
Event: 59.527 Thread 0x000001b4ff2a96e0 nmethod 6047 0x000001b480b4a710 code [0x000001b480b4a8c0, 0x000001b480b4aaa0]
Event: 59.527 Thread 0x000001b4ff2a96e0 6048       3       java.util.Collections$3::nextElement (10 bytes)
Event: 59.527 Thread 0x000001b4ff2a96e0 nmethod 6048 0x000001b480b4ab90 code [0x000001b480b4ad40, 0x000001b480b4af20]

GC Heap History (14 events):
Event: 0.576 GC heap before
{Heap before GC invocations=0 (full 0):
 garbage-first heap   total reserved 3633152K, committed 227328K, used 22528K [0x0000000722400000, 0x0000000800000000)
  region size 2048K, 12 young (24576K), 0 survivors (0K)
 Metaspace       used 4640K, committed 4864K, reserved 1114112K
  class space    used 511K, committed 640K, reserved 1048576K
}
Event: 0.579 GC heap after
{Heap after GC invocations=1 (full 0):
 garbage-first heap   total reserved 3633152K, committed 227328K, used 3092K [0x0000000722400000, 0x0000000800000000)
  region size 2048K, 2 young (4096K), 2 survivors (4096K)
 Metaspace       used 4640K, committed 4864K, reserved 1114112K
  class space    used 511K, committed 640K, reserved 1048576K
}
Event: 1.265 GC heap before
{Heap before GC invocations=1 (full 0):
 garbage-first heap   total reserved 3633152K, committed 227328K, used 44052K [0x0000000722400000, 0x0000000800000000)
  region size 2048K, 23 young (47104K), 2 survivors (4096K)
 Metaspace       used 14017K, committed 14336K, reserved 1114112K
  class space    used 1992K, committed 2112K, reserved 1048576K
}
Event: 1.271 GC heap after
{Heap after GC invocations=2 (full 0):
 garbage-first heap   total reserved 3633152K, committed 227328K, used 8804K [0x0000000722400000, 0x0000000800000000)
  region size 2048K, 3 young (6144K), 3 survivors (6144K)
 Metaspace       used 14017K, committed 14336K, reserved 1114112K
  class space    used 1992K, committed 2112K, reserved 1048576K
}
Event: 8.023 GC heap before
{Heap before GC invocations=2 (full 0):
 garbage-first heap   total reserved 3633152K, committed 227328K, used 41572K [0x0000000722400000, 0x0000000800000000)
  region size 2048K, 19 young (38912K), 3 survivors (6144K)
 Metaspace       used 21111K, committed 21504K, reserved 1114112K
  class space    used 3076K, committed 3264K, reserved 1048576K
}
Event: 8.029 GC heap after
{Heap after GC invocations=3 (full 0):
 garbage-first heap   total reserved 3633152K, committed 227328K, used 14615K [0x0000000722400000, 0x0000000800000000)
  region size 2048K, 5 young (10240K), 5 survivors (10240K)
 Metaspace       used 21111K, committed 21504K, reserved 1114112K
  class space    used 3076K, committed 3264K, reserved 1048576K
}
Event: 16.219 GC heap before
{Heap before GC invocations=4 (full 0):
 garbage-first heap   total reserved 3633152K, committed 55296K, used 37143K [0x0000000722400000, 0x0000000800000000)
  region size 2048K, 16 young (32768K), 5 survivors (10240K)
 Metaspace       used 23677K, committed 24064K, reserved 1114112K
  class space    used 3455K, committed 3648K, reserved 1048576K
}
Event: 16.225 GC heap after
{Heap after GC invocations=5 (full 0):
 garbage-first heap   total reserved 3633152K, committed 55296K, used 17315K [0x0000000722400000, 0x0000000800000000)
  region size 2048K, 2 young (4096K), 2 survivors (4096K)
 Metaspace       used 23677K, committed 24064K, reserved 1114112K
  class space    used 3455K, committed 3648K, reserved 1048576K
}
Event: 19.666 GC heap before
{Heap before GC invocations=5 (full 0):
 garbage-first heap   total reserved 3633152K, committed 104448K, used 99235K [0x0000000722400000, 0x0000000800000000)
  region size 2048K, 8 young (16384K), 2 survivors (4096K)
 Metaspace       used 24469K, committed 24896K, reserved 1114112K
  class space    used 3535K, committed 3712K, reserved 1048576K
}
Event: 19.670 GC heap after
{Heap after GC invocations=6 (full 0):
 garbage-first heap   total reserved 3633152K, committed 112640K, used 91166K [0x0000000722400000, 0x0000000800000000)
  region size 2048K, 2 young (4096K), 2 survivors (4096K)
 Metaspace       used 24469K, committed 24896K, reserved 1114112K
  class space    used 3535K, committed 3712K, reserved 1048576K
}
Event: 19.903 GC heap before
{Heap before GC invocations=6 (full 0):
 garbage-first heap   total reserved 3633152K, committed 112640K, used 97310K [0x0000000722400000, 0x0000000800000000)
  region size 2048K, 5 young (10240K), 2 survivors (4096K)
 Metaspace       used 26369K, committed 26752K, reserved 1114112K
  class space    used 3717K, committed 3904K, reserved 1048576K
}
Event: 19.906 GC heap after
{Heap after GC invocations=7 (full 0):
 garbage-first heap   total reserved 3633152K, committed 112640K, used 94029K [0x0000000722400000, 0x0000000800000000)
  region size 2048K, 1 young (2048K), 1 survivors (2048K)
 Metaspace       used 26369K, committed 26752K, reserved 1114112K
  class space    used 3717K, committed 3904K, reserved 1048576K
}
Event: 20.277 GC heap before
{Heap before GC invocations=8 (full 0):
 garbage-first heap   total reserved 3633152K, committed 157696K, used 100173K [0x0000000722400000, 0x0000000800000000)
  region size 2048K, 4 young (8192K), 1 survivors (2048K)
 Metaspace       used 29993K, committed 30400K, reserved 1114112K
  class space    used 4150K, committed 4352K, reserved 1048576K
}
Event: 20.279 GC heap after
{Heap after GC invocations=9 (full 0):
 garbage-first heap   total reserved 3633152K, committed 157696K, used 96256K [0x0000000722400000, 0x0000000800000000)
  region size 2048K, 1 young (2048K), 1 survivors (2048K)
 Metaspace       used 29993K, committed 30400K, reserved 1114112K
  class space    used 4150K, committed 4352K, reserved 1048576K
}

Dll operation events (20 events):
Event: 0.364 Loaded shared library C:\Users\nuutt\.openjfx\cache\20.0.1+2\amd64\api-ms-win-crt-multibyte-l1-1-0.dll
Event: 0.367 Loaded shared library C:\Users\nuutt\.openjfx\cache\20.0.1+2\amd64\api-ms-win-crt-private-l1-1-0.dll
Event: 0.369 Loaded shared library C:\Users\nuutt\.openjfx\cache\20.0.1+2\amd64\api-ms-win-crt-process-l1-1-0.dll
Event: 0.372 Loaded shared library C:\Users\nuutt\.openjfx\cache\20.0.1+2\amd64\api-ms-win-crt-runtime-l1-1-0.dll
Event: 0.374 Loaded shared library C:\Users\nuutt\.openjfx\cache\20.0.1+2\amd64\api-ms-win-crt-stdio-l1-1-0.dll
Event: 0.377 Loaded shared library C:\Users\nuutt\.openjfx\cache\20.0.1+2\amd64\api-ms-win-crt-string-l1-1-0.dll
Event: 0.381 Loaded shared library C:\Users\nuutt\.openjfx\cache\20.0.1+2\amd64\api-ms-win-crt-time-l1-1-0.dll
Event: 0.384 Loaded shared library C:\Users\nuutt\.openjfx\cache\20.0.1+2\amd64\api-ms-win-crt-utility-l1-1-0.dll
Event: 0.397 Loaded shared library C:\Users\nuutt\.openjfx\cache\20.0.1+2\amd64\ucrtbase.dll
Event: 0.402 Loaded shared library C:\Users\nuutt\.openjfx\cache\20.0.1+2\amd64\vcruntime140.dll
Event: 0.407 Loaded shared library C:\Users\nuutt\.openjfx\cache\20.0.1+2\amd64\vcruntime140_1.dll
Event: 0.415 Loaded shared library C:\Users\nuutt\.openjfx\cache\20.0.1+2\amd64\msvcp140.dll
Event: 0.419 Loaded shared library C:\Users\nuutt\.openjfx\cache\20.0.1+2\amd64\msvcp140_1.dll
Event: 0.425 Loaded shared library C:\Users\nuutt\.openjfx\cache\20.0.1+2\amd64\msvcp140_2.dll
Event: 0.468 Loaded shared library C:\Users\nuutt\.openjfx\cache\20.0.1+2\amd64\prism_d3d.dll
Event: 0.509 Loaded shared library C:\Users\nuutt\.openjfx\cache\20.0.1+2\amd64\glass.dll
Event: 0.594 Loaded shared library C:\Program Files\Java\jdk-22\bin\jimage.dll
Event: 0.804 Loaded shared library C:\Users\nuutt\.openjfx\cache\20.0.1+2\amd64\javafx_font.dll
Event: 19.973 Loaded shared library C:\Program Files\Java\jdk-22\bin\sunmscapi.dll
Event: 20.347 Loaded shared library C:\Users\nuutt\.openjfx\cache\20.0.1+2\amd64\javafx_iio.dll

Deoptimization events (20 events):
Event: 20.574 Thread 0x000001b4da78ac60 DEOPT PACKING pc=0x000001b480671eb2 sp=0x000000265abfcbb0
Event: 20.574 Thread 0x000001b4da78ac60 DEOPT UNPACKING pc=0x000001b487584e42 sp=0x000000265abfc360 mode 0
Event: 20.574 Thread 0x000001b4da78ac60 Uncommon trap: trap_request=0xffffff45 fr.pc=0x000001b487cf4eb0 relative=0x00000000000046b0
Event: 20.574 Thread 0x000001b4da78ac60 Uncommon trap: reason=unstable_if action=reinterpret pc=0x000001b487cf4eb0 method=com.sun.marlin.Renderer._endRendering(IILcom/sun/marlin/MarlinAlphaConsumer;)V @ 944 c2
Event: 20.574 Thread 0x000001b4da78ac60 DEOPT PACKING pc=0x000001b487cf4eb0 sp=0x000000265abfcf70
Event: 20.574 Thread 0x000001b4da78ac60 DEOPT UNPACKING pc=0x000001b4875846a2 sp=0x000000265abfce68 mode 2
Event: 20.576 Thread 0x000001b4da78ac60 Uncommon trap: trap_request=0xffffff45 fr.pc=0x000001b487c1d01c relative=0x000000000000083c
Event: 20.576 Thread 0x000001b4da78ac60 Uncommon trap: reason=unstable_if action=reinterpret pc=0x000001b487c1d01c method=com.sun.marlin.MaskMarlinAlphaConsumer.setAndClearRelativeAlphas([I[IIII)V @ 82 c2
Event: 20.576 Thread 0x000001b4da78ac60 DEOPT PACKING pc=0x000001b487c1d01c sp=0x000000265abfcd60
Event: 20.576 Thread 0x000001b4da78ac60 DEOPT UNPACKING pc=0x000001b4875846a2 sp=0x000000265abfcc98 mode 2
Event: 20.576 Thread 0x000001b4da78ac60 Uncommon trap: trap_request=0xffffff45 fr.pc=0x000001b487d85e90 relative=0x00000000000000d0
Event: 20.576 Thread 0x000001b4da78ac60 Uncommon trap: reason=unstable_if action=reinterpret pc=0x000001b487d85e90 method=com.sun.javafx.geom.transform.AffineBase.translate(DD)V @ 492 c2
Event: 20.576 Thread 0x000001b4da78ac60 DEOPT PACKING pc=0x000001b487d85e90 sp=0x000000265abfd340
Event: 20.576 Thread 0x000001b4da78ac60 DEOPT UNPACKING pc=0x000001b4875846a2 sp=0x000000265abfd2f0 mode 2
Event: 20.578 Thread 0x000001b4da78ac60 DEOPT PACKING pc=0x000001b4801aa94b sp=0x000000265abfced0
Event: 20.578 Thread 0x000001b4da78ac60 DEOPT UNPACKING pc=0x000001b487584e42 sp=0x000000265abfc380 mode 0
Event: 21.683 Thread 0x000001b4da897b70 Uncommon trap: trap_request=0xffffff45 fr.pc=0x000001b487d360e0 relative=0x0000000000000d00
Event: 21.683 Thread 0x000001b4da897b70 Uncommon trap: reason=unstable_if action=reinterpret pc=0x000001b487d360e0 method=javafx.scene.Parent.getOrderedChildren()Ljava/util/List; @ 7 c2
Event: 21.683 Thread 0x000001b4da897b70 DEOPT PACKING pc=0x000001b487d360e0 sp=0x000000265affa2f0
Event: 21.683 Thread 0x000001b4da897b70 DEOPT UNPACKING pc=0x000001b4875846a2 sp=0x000000265affa150 mode 2

Classes loaded (20 events):
Event: 21.680 Loading class java/util/concurrent/atomic/AtomicReferenceFieldUpdater
Event: 21.680 Loading class java/util/concurrent/atomic/AtomicReferenceFieldUpdater done
Event: 21.680 Loading class java/util/concurrent/atomic/AtomicReferenceFieldUpdater$AtomicReferenceFieldUpdaterImpl
Event: 21.680 Loading class java/util/concurrent/atomic/AtomicReferenceFieldUpdater$AtomicReferenceFieldUpdaterImpl done
Event: 21.680 Loading class java/util/concurrent/atomic/AtomicReferenceFieldUpdater$AtomicReferenceFieldUpdaterImpl$1
Event: 21.681 Loading class java/util/concurrent/atomic/AtomicReferenceFieldUpdater$AtomicReferenceFieldUpdaterImpl$1 done
Event: 21.681 Loading class sun/reflect/misc/ReflectUtil
Event: 21.681 Loading class sun/reflect/misc/ReflectUtil done
Event: 25.375 Loading class sun/security/ssl/Alert
Event: 25.387 Loading class sun/security/ssl/Alert done
Event: 25.387 Loading class sun/security/ssl/Alert$AlertConsumer
Event: 25.387 Loading class sun/security/ssl/Alert$AlertConsumer done
Event: 25.387 Loading class sun/security/ssl/Alert$Level
Event: 25.387 Loading class sun/security/ssl/Alert$Level done
Event: 25.390 Loading class java/net/SocketTimeoutException
Event: 25.390 Loading class java/io/InterruptedIOException
Event: 25.390 Loading class java/io/InterruptedIOException done
Event: 25.390 Loading class java/net/SocketTimeoutException done
Event: 59.525 Loading class jdk/internal/misc/Signal$1
Event: 59.525 Loading class jdk/internal/misc/Signal$1 done

Classes unloaded (0 events):
No events

Classes redefined (0 events):
No events

Internal exceptions (20 events):
Event: 6.654 Thread 0x000001b4da897b70 Exception <a 'sun/nio/fs/WindowsException'{0x000000072ee58330}> (0x000000072ee58330) 
thrown [s\open\src\hotspot\share\prims\jni.cpp, line 520]
Event: 6.657 Thread 0x000001b4da897b70 Exception <a 'java/lang/NoSuchMethodError'{0x000000072ee62e60}: 'java.lang.Object java.lang.invoke.DirectMethodHandle$Holder.invokeVirtual(java.lang.Object, java.lang.Object, java.lang.Object)'> (0x000000072ee62e60) 
thrown [s\open\src\hotspot\share\interpreter\linkResolver.cpp, line 774]
Event: 6.709 Thread 0x000001b4da897b70 Exception <a 'sun/nio/fs/WindowsException'{0x000000072ed44388}> (0x000000072ed44388) 
thrown [s\open\src\hotspot\share\prims\jni.cpp, line 520]
Event: 8.007 Thread 0x000001b4da897b70 Exception <a 'sun/nio/fs/WindowsException'{0x000000072e2b3e40}> (0x000000072e2b3e40) 
thrown [s\open\src\hotspot\share\prims\jni.cpp, line 520]
Event: 8.018 Thread 0x000001b4da897b70 Exception <a 'java/lang/ClassNotFoundException'{0x000000072e30a490}: com/sun/javafx/scene/control/skin/resources/controls-nt> (0x000000072e30a490) 
thrown [s\open\src\hotspot\share\prims\jni.cpp, line 539]
Event: 8.018 Thread 0x000001b4da897b70 Exception <a 'java/lang/ClassNotFoundException'{0x000000072e3d7430}: com/sun/javafx/scene/control/skin/resources/controls-nt_fi> (0x000000072e3d7430) 
thrown [s\open\src\hotspot\share\prims\jni.cpp, line 539]
Event: 8.018 Thread 0x000001b4da897b70 Exception <a 'java/lang/ClassNotFoundException'{0x000000072e3d86c8}: com/sun/javafx/scene/control/skin/resources/controls-nt_fi_FI> (0x000000072e3d86c8) 
thrown [s\open\src\hotspot\share\prims\jni.cpp, line 539]
Event: 9.189 Thread 0x000001b4da78ac60 Exception <a 'java/lang/NoSuchMethodError'{0x00000007244deb48}: 'java.lang.Object java.lang.invoke.DirectMethodHandle$Holder.invokeStaticInit(java.lang.Object, int)'> (0x00000007244deb48) 
thrown [s\open\src\hotspot\share\interpreter\linkResolver.cpp, line 774]
Event: 9.888 Thread 0x000001b4da897b70 Exception <a 'java/lang/NullPointerException'{0x00000007243988a0}> (0x00000007243988a0) 
thrown [s\open\src\hotspot\share\interpreter\linkResolver.cpp, line 1458]
Event: 18.184 Thread 0x000001b4da897b70 Exception <a 'java/lang/NoSuchMethodError'{0x000000072dd52910}: 'java.lang.Object java.lang.invoke.DirectMethodHandle$Holder.invokeSpecial(java.lang.Object, java.lang.Object, java.lang.Object, java.lang.Object, int)'> (0x000000072dd52910) 
thrown [s\open\src\hotspot\share\interpreter\linkResolver.cpp, line 774]
Event: 18.184 Thread 0x000001b4da897b70 Exception <a 'java/lang/NoSuchMethodError'{0x000000072dd55d98}: 'java.lang.Object java.lang.invoke.Invokers$Holder.linkToTargetMethod(java.lang.Object, java.lang.Object, int, java.lang.Object)'> (0x000000072dd55d98) 
thrown [s\open\src\hotspot\share\interpreter\linkResolver.cpp, line 774]
Event: 18.646 Thread 0x000001b4da897b70 Exception <a 'java/lang/NullPointerException'{0x000000072dd7e2b0}> (0x000000072dd7e2b0) 
thrown [s\open\src\hotspot\share\interpreter\linkResolver.cpp, line 1374]
Event: 18.652 Thread 0x000001b4da897b70 Exception <a 'java/io/FileNotFoundException'{0x000000072da18788}> (0x000000072da18788) 
thrown [s\open\src\hotspot\share\prims\jni.cpp, line 520]
Event: 19.789 Thread 0x000001b4da897b70 Exception <a 'sun/nio/fs/WindowsException'{0x00000007300dcbd0}> (0x00000007300dcbd0) 
thrown [s\open\src\hotspot\share\prims\jni.cpp, line 520]
Event: 19.815 Thread 0x000001b4da897b70 Exception <a 'sun/nio/fs/WindowsException'{0x00000007301c2300}> (0x00000007301c2300) 
thrown [s\open\src\hotspot\share\prims\jni.cpp, line 520]
Event: 19.924 Thread 0x000001b4da897b70 Exception <a 'java/lang/NoSuchMethodError'{0x00000007301aae90}: 'java.lang.Object java.lang.invoke.DirectMethodHandle$Holder.invokeStaticInit(java.lang.Object, int, int, int, int)'> (0x00000007301aae90) 
thrown [s\open\src\hotspot\share\interpreter\linkResolver.cpp, line 774]
Event: 19.935 Thread 0x000001b4da897b70 Exception <a 'java/lang/NoSuchMethodError'{0x00000007301e4868}: 'java.lang.Object java.lang.invoke.DirectMethodHandle$Holder.invokeStaticInit(java.lang.Object, java.lang.Object, int, int, int, int)'> (0x00000007301e4868) 
thrown [s\open\src\hotspot\share\interpreter\linkResolver.cpp, line 774]
Event: 19.941 Thread 0x000001b4da897b70 Implicit null exception at 0x000001b487d2c7d2 to 0x000001b487d2cbe4
Event: 20.529 Thread 0x000001b4da897b70 Exception <a 'java/lang/NoSuchMethodError'{0x000000072e06e6f0}: 'java.lang.Object java.lang.invoke.DirectMethodHandle$Holder.invokeSpecial(java.lang.Object, java.lang.Object, int, double)'> (0x000000072e06e6f0) 
thrown [s\open\src\hotspot\share\interpreter\linkResolver.cpp, line 774]
Event: 20.534 Thread 0x000001b4da897b70 Exception <a 'java/io/FileNotFoundException'{0x000000072e07fe00}> (0x000000072e07fe00) 
thrown [s\open\src\hotspot\share\prims\jni.cpp, line 520]

ZGC Phase Switch (0 events):
No events

VM Operations (20 events):
Event: 19.921 Executing VM operation: G1PauseCleanup done
Event: 20.106 Executing VM operation: HandshakeAllThreads (Deoptimize)
Event: 20.106 Executing VM operation: HandshakeAllThreads (Deoptimize) done
Event: 20.277 Executing VM operation: G1CollectForAllocation (G1 Evacuation Pause)
Event: 20.279 Executing VM operation: G1CollectForAllocation (G1 Evacuation Pause) done
Event: 20.290 Executing VM operation: HandshakeAllThreads (Deoptimize)
Event: 20.290 Executing VM operation: HandshakeAllThreads (Deoptimize) done
Event: 20.341 Executing VM operation: HandshakeAllThreads (Deoptimize)
Event: 20.341 Executing VM operation: HandshakeAllThreads (Deoptimize) done
Event: 20.374 Executing VM operation: HandshakeAllThreads (Deoptimize)
Event: 20.374 Executing VM operation: HandshakeAllThreads (Deoptimize) done
Event: 21.374 Executing VM operation: Cleanup
Event: 21.375 Executing VM operation: Cleanup done
Event: 22.375 Executing VM operation: Cleanup
Event: 22.375 Executing VM operation: Cleanup done
Event: 26.377 Executing VM operation: Cleanup
Event: 26.377 Executing VM operation: Cleanup done
Event: 28.378 Executing VM operation: Cleanup
Event: 28.378 Executing VM operation: Cleanup done
Event: 59.527 Executing VM operation: Exit

Events (20 events):
Event: 19.917 Thread 0x000001b4ff274940 flushing nmethod 0x000001b48037db90
Event: 19.917 Thread 0x000001b4ff274940 flushing nmethod 0x000001b4803a9890
Event: 19.917 Thread 0x000001b4ff274940 flushing nmethod 0x000001b4803fd090
Event: 20.168 Thread 0x000001b4db5b6fc0 Thread added: 0x000001b4db5b6fc0
Event: 20.169 Thread 0x000001b4dab86a80 Thread added: 0x000001b4dab86a80
Event: 20.309 Thread 0x000001b4db112d40 Thread added: 0x000001b4db112d40
Event: 20.310 Thread 0x000001b4db112d40 Thread exited: 0x000001b4db112d40
Event: 20.373 Thread 0x000001b4db1140f0 Thread added: 0x000001b4db1140f0
Event: 20.506 Thread 0x000001b4db5b6fc0 Thread exited: 0x000001b4db5b6fc0
Event: 20.506 Thread 0x000001b4dab86a80 Thread exited: 0x000001b4dab86a80
Event: 20.537 Thread 0x000001b4dab86a80 Thread added: 0x000001b4dab86a80
Event: 20.957 Thread 0x000001b4dab86a80 Thread exited: 0x000001b4dab86a80
Event: 21.521 Thread 0x000001b4db5c6fa0 Thread added: 0x000001b4db5c6fa0
Event: 24.671 Thread 0x000001b4db5c6fa0 Thread exited: 0x000001b4db5c6fa0
Event: 30.390 Thread 0x000001b4db1140f0 Thread exited: 0x000001b4db1140f0
Event: 59.526 Thread 0x000001b4db1140f0 Thread added: 0x000001b4db1140f0
Event: 59.526 Thread 0x000001b4db112020 Thread added: 0x000001b4db112020
Event: 59.526 Thread 0x000001b4db1126b0 Thread added: 0x000001b4db1126b0
Event: 59.526 Thread 0x000001b4db1126b0 Thread exited: 0x000001b4db1126b0
Event: 59.527 Thread 0x000001b4db112020 Thread exited: 0x000001b4db112020


Dynamic libraries:
0x00007ff7023b0000 - 0x00007ff7023c0000 	C:\Program Files\Java\jdk-22\bin\java.exe
0x00007ffd36e70000 - 0x00007ffd37087000 	C:\WINDOWS\SYSTEM32\ntdll.dll
0x00007ffd36060000 - 0x00007ffd36124000 	C:\WINDOWS\System32\KERNEL32.DLL
0x00007ffd347f0000 - 0x00007ffd34b9d000 	C:\WINDOWS\System32\KERNELBASE.dll
0x00007ffd34650000 - 0x00007ffd34761000 	C:\WINDOWS\System32\ucrtbase.dll
0x00007ffd0e740000 - 0x00007ffd0e757000 	C:\Program Files\Java\jdk-22\bin\jli.dll
0x00007ffd18dd0000 - 0x00007ffd18deb000 	C:\Program Files\Java\jdk-22\bin\VCRUNTIME140.dll
0x00007ffd36170000 - 0x00007ffd36222000 	C:\WINDOWS\System32\ADVAPI32.dll
0x00007ffd35fa0000 - 0x00007ffd36047000 	C:\WINDOWS\System32\msvcrt.dll
0x00007ffd35420000 - 0x00007ffd354c9000 	C:\WINDOWS\System32\sechost.dll
0x00007ffd344e0000 - 0x00007ffd34508000 	C:\WINDOWS\System32\bcrypt.dll
0x00007ffd35e80000 - 0x00007ffd35f94000 	C:\WINDOWS\System32\RPCRT4.dll
0x00007ffd366e0000 - 0x00007ffd3688e000 	C:\WINDOWS\System32\USER32.dll
0x00007ffd22d00000 - 0x00007ffd22f93000 	C:\WINDOWS\WinSxS\amd64_microsoft.windows.common-controls_6595b64144ccf1df_6.0.22621.3672_none_2713b9d173822955\COMCTL32.dll
0x00007ffd359d0000 - 0x00007ffd359f9000 	C:\WINDOWS\System32\GDI32.dll
0x00007ffd345b0000 - 0x00007ffd345d6000 	C:\WINDOWS\System32\win32u.dll
0x00007ffd34190000 - 0x00007ffd342a9000 	C:\WINDOWS\System32\gdi32full.dll
0x00007ffd34510000 - 0x00007ffd345aa000 	C:\WINDOWS\System32\msvcp_win.dll
0x00007ffd2ee40000 - 0x00007ffd2ee4a000 	C:\WINDOWS\SYSTEM32\VERSION.dll
0x00007ffd36130000 - 0x00007ffd36161000 	C:\WINDOWS\System32\IMM32.DLL
0x00007ffd206d0000 - 0x00007ffd206dc000 	C:\Program Files\Java\jdk-22\bin\vcruntime140_1.dll
0x00007ffcf2dd0000 - 0x00007ffcf2e5e000 	C:\Program Files\Java\jdk-22\bin\msvcp140.dll
0x00007ffcc0f70000 - 0x00007ffcc1cb8000 	C:\Program Files\Java\jdk-22\bin\server\jvm.dll
0x00007ffd36c90000 - 0x00007ffd36d01000 	C:\WINDOWS\System32\WS2_32.dll
0x00007ffd33000000 - 0x00007ffd3304d000 	C:\WINDOWS\SYSTEM32\POWRPROF.dll
0x00007ffd2fae0000 - 0x00007ffd2fb14000 	C:\WINDOWS\SYSTEM32\WINMM.dll
0x00007ffd32fe0000 - 0x00007ffd32ff3000 	C:\WINDOWS\SYSTEM32\UMPDC.dll
0x00007ffd33290000 - 0x00007ffd332a8000 	C:\WINDOWS\SYSTEM32\kernel.appcore.dll
0x00007ffd206c0000 - 0x00007ffd206ca000 	C:\Program Files\Java\jdk-22\bin\jimage.dll
0x00007ffd31bc0000 - 0x00007ffd31df2000 	C:\WINDOWS\SYSTEM32\DBGHELP.DLL
0x00007ffd35530000 - 0x00007ffd358be000 	C:\WINDOWS\System32\combase.dll
0x00007ffd36230000 - 0x00007ffd36307000 	C:\WINDOWS\System32\OLEAUT32.dll
0x00007ffd18430000 - 0x00007ffd18462000 	C:\WINDOWS\SYSTEM32\dbgcore.DLL
0x00007ffd34770000 - 0x00007ffd347eb000 	C:\WINDOWS\System32\bcryptPrimitives.dll
0x00007ffd2fc10000 - 0x00007ffd2fc1f000 	C:\Program Files\Java\jdk-22\bin\instrument.dll
0x00007ffd08550000 - 0x00007ffd0856e000 	C:\Program Files\Java\jdk-22\bin\java.dll
0x00007ffd34bb0000 - 0x00007ffd35417000 	C:\WINDOWS\System32\SHELL32.dll
0x00007ffd364a0000 - 0x00007ffd36645000 	C:\WINDOWS\System32\ole32.dll
0x00007ffd320d0000 - 0x00007ffd329cf000 	C:\WINDOWS\SYSTEM32\windows.storage.dll
0x00007ffd31f90000 - 0x00007ffd320cf000 	C:\WINDOWS\SYSTEM32\wintypes.dll
0x00007ffd36d30000 - 0x00007ffd36e29000 	C:\WINDOWS\System32\SHCORE.dll
0x00007ffd36890000 - 0x00007ffd368ee000 	C:\WINDOWS\System32\shlwapi.dll
0x00007ffd340c0000 - 0x00007ffd340e7000 	C:\WINDOWS\SYSTEM32\profapi.dll
0x00007ffcca850000 - 0x00007ffcca927000 	C:\Program Files\Java\jdk-22\bin\jsvml.dll
0x00007ffd19070000 - 0x00007ffd19080000 	C:\Program Files\Java\jdk-22\bin\net.dll
0x00007ffd336f0000 - 0x00007ffd33759000 	C:\WINDOWS\system32\mswsock.dll
0x00007ffd0c820000 - 0x00007ffd0c836000 	C:\Program Files\Java\jdk-22\bin\nio.dll
0x00007ffd0c0a0000 - 0x00007ffd0c0b7000 	C:\Program Files\Java\jdk-22\bin\zip.dll
0x00007ffd2fbf0000 - 0x00007ffd2fc0a000 	C:\Program Files\JetBrains\IntelliJ IDEA 2023.3.6\bin\breakgen64.dll
0x000001b494ca0000 - 0x000001b494ca3000 	C:\Users\nuutt\.openjfx\cache\20.0.1+2\amd64\api-ms-win-core-console-l1-1-0.dll
0x000001b494cb0000 - 0x000001b494cb3000 	C:\Users\nuutt\.openjfx\cache\20.0.1+2\amd64\api-ms-win-core-console-l1-2-0.dll
0x000001b494cc0000 - 0x000001b494cc3000 	C:\Users\nuutt\.openjfx\cache\20.0.1+2\amd64\api-ms-win-core-datetime-l1-1-0.dll
0x000001b494cd0000 - 0x000001b494cd3000 	C:\Users\nuutt\.openjfx\cache\20.0.1+2\amd64\api-ms-win-core-debug-l1-1-0.dll
0x000001b494ce0000 - 0x000001b494ce3000 	C:\Users\nuutt\.openjfx\cache\20.0.1+2\amd64\api-ms-win-core-errorhandling-l1-1-0.dll
0x000001b494cf0000 - 0x000001b494cf4000 	C:\Users\nuutt\.openjfx\cache\20.0.1+2\amd64\api-ms-win-core-file-l1-1-0.dll
0x000001b494d00000 - 0x000001b494d03000 	C:\Users\nuutt\.openjfx\cache\20.0.1+2\amd64\api-ms-win-core-file-l1-2-0.dll
0x000001b494d10000 - 0x000001b494d13000 	C:\Users\nuutt\.openjfx\cache\20.0.1+2\amd64\api-ms-win-core-file-l2-1-0.dll
0x000001b494d20000 - 0x000001b494d23000 	C:\Users\nuutt\.openjfx\cache\20.0.1+2\amd64\api-ms-win-core-handle-l1-1-0.dll
0x000001b494d30000 - 0x000001b494d33000 	C:\Users\nuutt\.openjfx\cache\20.0.1+2\amd64\api-ms-win-core-heap-l1-1-0.dll
0x000001b494d40000 - 0x000001b494d43000 	C:\Users\nuutt\.openjfx\cache\20.0.1+2\amd64\api-ms-win-core-interlocked-l1-1-0.dll
0x000001b494d50000 - 0x000001b494d53000 	C:\Users\nuutt\.openjfx\cache\20.0.1+2\amd64\api-ms-win-core-libraryloader-l1-1-0.dll
0x000001b494d60000 - 0x000001b494d63000 	C:\Users\nuutt\.openjfx\cache\20.0.1+2\amd64\api-ms-win-core-localization-l1-2-0.dll
0x000001b494d70000 - 0x000001b494d73000 	C:\Users\nuutt\.openjfx\cache\20.0.1+2\amd64\api-ms-win-core-memory-l1-1-0.dll
0x000001b494d80000 - 0x000001b494d83000 	C:\Users\nuutt\.openjfx\cache\20.0.1+2\amd64\api-ms-win-core-namedpipe-l1-1-0.dll
0x000001b494d90000 - 0x000001b494d93000 	C:\Users\nuutt\.openjfx\cache\20.0.1+2\amd64\api-ms-win-core-processenvironment-l1-1-0.dll
0x000001b494da0000 - 0x000001b494da3000 	C:\Users\nuutt\.openjfx\cache\20.0.1+2\amd64\api-ms-win-core-processthreads-l1-1-0.dll
0x000001b494db0000 - 0x000001b494db3000 	C:\Users\nuutt\.openjfx\cache\20.0.1+2\amd64\api-ms-win-core-processthreads-l1-1-1.dll
0x000001b494dc0000 - 0x000001b494dc3000 	C:\Users\nuutt\.openjfx\cache\20.0.1+2\amd64\api-ms-win-core-profile-l1-1-0.dll
0x000001b494dd0000 - 0x000001b494dd3000 	C:\Users\nuutt\.openjfx\cache\20.0.1+2\amd64\api-ms-win-core-rtlsupport-l1-1-0.dll
0x000001b494de0000 - 0x000001b494de3000 	C:\Users\nuutt\.openjfx\cache\20.0.1+2\amd64\api-ms-win-core-string-l1-1-0.dll
0x000001b494df0000 - 0x000001b494df3000 	C:\Users\nuutt\.openjfx\cache\20.0.1+2\amd64\api-ms-win-core-synch-l1-1-0.dll
0x000001b494e00000 - 0x000001b494e03000 	C:\Users\nuutt\.openjfx\cache\20.0.1+2\amd64\api-ms-win-core-synch-l1-2-0.dll
0x000001b494e10000 - 0x000001b494e13000 	C:\Users\nuutt\.openjfx\cache\20.0.1+2\amd64\api-ms-win-core-sysinfo-l1-1-0.dll
0x000001b494e20000 - 0x000001b494e23000 	C:\Users\nuutt\.openjfx\cache\20.0.1+2\amd64\api-ms-win-core-timezone-l1-1-0.dll
0x000001b494e30000 - 0x000001b494e33000 	C:\Users\nuutt\.openjfx\cache\20.0.1+2\amd64\api-ms-win-core-util-l1-1-0.dll
0x000001b494e40000 - 0x000001b494e43000 	C:\Users\nuutt\.openjfx\cache\20.0.1+2\amd64\api-ms-win-crt-conio-l1-1-0.dll
0x000001b494e50000 - 0x000001b494e54000 	C:\Users\nuutt\.openjfx\cache\20.0.1+2\amd64\api-ms-win-crt-convert-l1-1-0.dll
0x000001b494e60000 - 0x000001b494e63000 	C:\Users\nuutt\.openjfx\cache\20.0.1+2\amd64\api-ms-win-crt-environment-l1-1-0.dll
0x000001b494e70000 - 0x000001b494e73000 	C:\Users\nuutt\.openjfx\cache\20.0.1+2\amd64\api-ms-win-crt-filesystem-l1-1-0.dll
0x000001b494e80000 - 0x000001b494e83000 	C:\Users\nuutt\.openjfx\cache\20.0.1+2\amd64\api-ms-win-crt-heap-l1-1-0.dll
0x000001b494e90000 - 0x000001b494e93000 	C:\Users\nuutt\.openjfx\cache\20.0.1+2\amd64\api-ms-win-crt-locale-l1-1-0.dll
0x000001b494ea0000 - 0x000001b494ea5000 	C:\Users\nuutt\.openjfx\cache\20.0.1+2\amd64\api-ms-win-crt-math-l1-1-0.dll
0x000001b494eb0000 - 0x000001b494eb5000 	C:\Users\nuutt\.openjfx\cache\20.0.1+2\amd64\api-ms-win-crt-multibyte-l1-1-0.dll
0x000001b494ec0000 - 0x000001b494ed0000 	C:\Users\nuutt\.openjfx\cache\20.0.1+2\amd64\api-ms-win-crt-private-l1-1-0.dll
0x000001b494ed0000 - 0x000001b494ed3000 	C:\Users\nuutt\.openjfx\cache\20.0.1+2\amd64\api-ms-win-crt-process-l1-1-0.dll
0x000001b494ee0000 - 0x000001b494ee4000 	C:\Users\nuutt\.openjfx\cache\20.0.1+2\amd64\api-ms-win-crt-runtime-l1-1-0.dll
0x000001b494ef0000 - 0x000001b494ef4000 	C:\Users\nuutt\.openjfx\cache\20.0.1+2\amd64\api-ms-win-crt-stdio-l1-1-0.dll
0x000001b494f00000 - 0x000001b494f04000 	C:\Users\nuutt\.openjfx\cache\20.0.1+2\amd64\api-ms-win-crt-string-l1-1-0.dll
0x000001b494f10000 - 0x000001b494f13000 	C:\Users\nuutt\.openjfx\cache\20.0.1+2\amd64\api-ms-win-crt-time-l1-1-0.dll
0x000001b494f20000 - 0x000001b494f23000 	C:\Users\nuutt\.openjfx\cache\20.0.1+2\amd64\api-ms-win-crt-utility-l1-1-0.dll
0x00007ffcf2cd0000 - 0x00007ffcf2dcc000 	C:\Users\nuutt\.openjfx\cache\20.0.1+2\amd64\ucrtbase.dll
0x00007ffd29360000 - 0x00007ffd2937b000 	C:\Users\nuutt\.openjfx\cache\20.0.1+2\amd64\vcruntime140.dll
0x00007ffd20720000 - 0x00007ffd2072c000 	C:\Users\nuutt\.openjfx\cache\20.0.1+2\amd64\vcruntime140_1.dll
0x00007ffd03e40000 - 0x00007ffd03ece000 	C:\Users\nuutt\.openjfx\cache\20.0.1+2\amd64\msvcp140.dll
0x00007ffd20710000 - 0x00007ffd20719000 	C:\Users\nuutt\.openjfx\cache\20.0.1+2\amd64\msvcp140_1.dll
0x00007ffd20300000 - 0x00007ffd20330000 	C:\Users\nuutt\.openjfx\cache\20.0.1+2\amd64\msvcp140_2.dll
0x00007ffd1ed80000 - 0x00007ffd1edaf000 	C:\Users\nuutt\.openjfx\cache\20.0.1+2\amd64\prism_d3d.dll
0x00007ffcfd1e0000 - 0x00007ffcfd388000 	C:\WINDOWS\system32\d3d9.dll
0x00007ffd314f0000 - 0x00007ffd3151b000 	C:\WINDOWS\SYSTEM32\dwmapi.dll
0x00007ffd31560000 - 0x00007ffd31597000 	C:\WINDOWS\SYSTEM32\dxcore.dll
0x00007ffd312a0000 - 0x00007ffd31351000 	C:\WINDOWS\system32\uxtheme.dll
0x00007ffd25920000 - 0x00007ffd25adb000 	C:\WINDOWS\System32\DriverStore\FileRepository\u0386187.inf_amd64_e45f6929dd019ce6\B385477\aticfx64.dll
0x00007ffd1ed40000 - 0x00007ffd1ed74000 	C:\WINDOWS\System32\DriverStore\FileRepository\u0386187.inf_amd64_e45f6929dd019ce6\B385477\atiu9p64.dll
0x00007ffcc66c0000 - 0x00007ffcc7415000 	C:\WINDOWS\System32\DriverStore\FileRepository\u0386187.inf_amd64_e45f6929dd019ce6\B385477\atiumd64.dll
0x00000000686f0000 - 0x0000000069617000 	C:\WINDOWS\System32\DriverStore\FileRepository\u0386187.inf_amd64_e45f6929dd019ce6\B385477\atiumd6a.dll
0x00007ffd35a00000 - 0x00007ffd35e74000 	C:\WINDOWS\System32\SETUPAPI.dll
0x00007ffd230b0000 - 0x00007ffd230e5000 	C:\WINDOWS\SYSTEM32\amdihk64.dll
0x00007ffd2b1c0000 - 0x00007ffd2b209000 	C:\WINDOWS\SYSTEM32\directxdatabasehelper.dll
0x00007ffd19090000 - 0x00007ffd190d2000 	C:\Users\nuutt\.openjfx\cache\20.0.1+2\amd64\glass.dll
0x00007ffd358c0000 - 0x00007ffd359bf000 	C:\WINDOWS\System32\COMDLG32.dll
0x00007ffd36310000 - 0x00007ffd3646e000 	C:\WINDOWS\System32\MSCTF.dll
0x00007ffd20210000 - 0x00007ffd20224000 	C:\Users\nuutt\.openjfx\cache\20.0.1+2\amd64\javafx_font.dll
0x00007ffd2c650000 - 0x00007ffd2c8c3000 	C:\WINDOWS\SYSTEM32\dwrite.dll
0x00007ffd36b00000 - 0x00007ffd36bb0000 	C:\WINDOWS\System32\clbcatq.dll
0x00007ffd31060000 - 0x00007ffd31211000 	C:\WINDOWS\SYSTEM32\WindowsCodecs.dll
0x00007ffcf9ae0000 - 0x00007ffcf9b3e000 	C:\WINDOWS\system32\dataexchange.dll
0x00007ffd26000000 - 0x00007ffd2628a000 	C:\WINDOWS\system32\twinapi.appcore.dll
0x00007ffd10890000 - 0x00007ffd108c2000 	C:\Program Files\Common Files\Microsoft Shared\Ink\rtscom.dll
0x00007ffd20e40000 - 0x00007ffd20f83000 	C:\WINDOWS\SYSTEM32\textinputframework.dll
0x00007ffd2d960000 - 0x00007ffd2da93000 	C:\WINDOWS\SYSTEM32\CoreMessaging.dll
0x00007ffd28540000 - 0x00007ffd288ad000 	C:\WINDOWS\SYSTEM32\CoreUIComponents.dll
0x00007ffd33a20000 - 0x00007ffd33a2c000 	C:\WINDOWS\SYSTEM32\CRYPTBASE.DLL
0x00007ffd2c8d0000 - 0x00007ffd2cebe000 	C:\WINDOWS\SYSTEM32\d2d1.dll
0x00007ffd2cec0000 - 0x00007ffd2d117000 	C:\WINDOWS\SYSTEM32\d3d11.dll
0x00007ffd313e0000 - 0x00007ffd314d7000 	C:\WINDOWS\SYSTEM32\dxgi.dll
0x00007ffd278b0000 - 0x00007ffd27fc1000 	C:\WINDOWS\SYSTEM32\D3D10Warp.dll
0x00007ffd32d10000 - 0x00007ffd32e08000 	C:\WINDOWS\SYSTEM32\DNSAPI.dll
0x00007ffd32ca0000 - 0x00007ffd32ccd000 	C:\WINDOWS\SYSTEM32\IPHLPAPI.DLL

dbghelp: loaded successfully - version: 4.0.5 - missing functions: none
symbol engine: initialized successfully - sym options: 0x614 - pdb path: .;C:\Program Files\Java\jdk-22\bin;C:\WINDOWS\SYSTEM32;C:\WINDOWS\WinSxS\amd64_microsoft.windows.common-controls_6595b64144ccf1df_6.0.22621.3672_none_2713b9d173822955;C:\Program Files\Java\jdk-22\bin\server;C:\Program Files\JetBrains\IntelliJ IDEA 2023.3.6\bin;C:\Users\nuutt\.openjfx\cache\20.0.1+2\amd64;C:\WINDOWS\System32\DriverStore\FileRepository\u0386187.inf_amd64_e45f6929dd019ce6\B385477;C:\Program Files\Common Files\Microsoft Shared\Ink

VM Arguments:
jvm_args: -javaagent:C:\Program Files\JetBrains\IntelliJ IDEA 2023.3.6\lib\idea_rt.jar=61049:C:\Program Files\JetBrains\IntelliJ IDEA 2023.3.6\bin -Dfile.encoding=UTF-8 -Dsun.stdout.encoding=UTF-8 -Dsun.stderr.encoding=UTF-8 --module-path=C:\Users\nuutt\.m2\repository\com\dlsc\formsfx\formsfx-core\11.6.0\formsfx-core-11.6.0.jar;C:\Users\nuutt\.m2\repository\org\kordamp\bootstrapfx\bootstrapfx-core\0.4.0\bootstrapfx-core-0.4.0.jar;C:\Users\nuutt\.m2\repository\org\controlsfx\controlsfx\11.1.2\controlsfx-11.1.2.jar;C:\Users\nuutt\.m2\repository\org\openjfx\javafx-controls\20.0.1\javafx-controls-20.0.1-win.jar;C:\Users\nuutt\IdeaProjects\ProjectDemo\target\classes;C:\Users\nuutt\.m2\repository\org\openjfx\javafx-base\20.0.1\javafx-base-20.0.1-win.jar;C:\Users\nuutt\.m2\repository\org\openjfx\javafx-fxml\20.0.1\javafx-fxml-20.0.1-win.jar;C:\Users\nuutt\.m2\repository\org\openjfx\javafx-graphics\20.0.1\javafx-graphics-20.0.1-win.jar -Djdk.module.main=com.example.projectdemo 
java_command: com.example.projectdemo/com.example.projectdemo.view.Gui
java_class_path (initial): C:\Users\nuutt\.m2\repository\org\openjfx\javafx-controls\20.0.1\javafx-controls-20.0.1.jar;C:\Users\nuutt\.m2\repository\org\openjfx\javafx-graphics\20.0.1\javafx-graphics-20.0.1.jar;C:\Users\nuutt\.m2\repository\org\openjfx\javafx-base\20.0.1\javafx-base-20.0.1.jar;C:\Users\nuutt\.m2\repository\org\openjfx\javafx-fxml\20.0.1\javafx-fxml-20.0.1.jar;C:\Users\nuutt\.m2\repository\com\mysql\mysql-connector-j\8.0.32\mysql-connector-j-8.0.32.jar;C:\Users\nuutt\.m2\repository\com\google\protobuf\protobuf-java\3.21.9\protobuf-java-3.21.9.jar
Launcher Type: SUN_STANDARD

[Global flags]
     intx CICompilerCount                          = 4                                         {product} {ergonomic}
     uint ConcGCThreads                            = 3                                         {product} {ergonomic}
     uint G1ConcRefinementThreads                  = 10                                        {product} {ergonomic}
   size_t G1HeapRegionSize                         = 2097152                                   {product} {ergonomic}
   size_t InitialHeapSize                          = 232783872                                 {product} {ergonomic}
   size_t MarkStackSize                            = 4194304                                   {product} {ergonomic}
   size_t MaxHeapSize                              = 3720347648                                {product} {ergonomic}
   size_t MaxNewSize                               = 2231369728                                {product} {ergonomic}
   size_t MinHeapDeltaBytes                        = 2097152                                   {product} {ergonomic}
   size_t MinHeapSize                              = 8388608                                   {product} {ergonomic}
    uintx NonNMethodCodeHeapSize                   = 5839372                                {pd product} {ergonomic}
    uintx NonProfiledCodeHeapSize                  = 122909434                              {pd product} {ergonomic}
    uintx ProfiledCodeHeapSize                     = 122909434                              {pd product} {ergonomic}
    uintx ReservedCodeCacheSize                    = 251658240                              {pd product} {ergonomic}
     bool SegmentedCodeCache                       = true                                      {product} {ergonomic}
   size_t SoftMaxHeapSize                          = 3720347648                             {manageable} {ergonomic}
     bool UseCompressedOops                        = true                           {product lp64_product} {ergonomic}
     bool UseG1GC                                  = true                                      {product} {ergonomic}
     bool UseLargePagesIndividualAllocation        = false                                  {pd product} {ergonomic}

Logging:
Log output configuration:
 #0: stdout all=off uptime,level,tags foldmultilines=false
 #1: stderr all=off uptime,level,tags foldmultilines=false

Environment Variables:
PATH=C:\Program Files\Common Files\Oracle\Java\javapath;C:\Program Files (x86)\Common Files\Oracle\Java\java8path;C:\Program Files (x86)\Common Files\Oracle\Java\javapath;C:\Windows\system32;C:\Windows;C:\Windows\System32\Wbem;C:\Windows\System32\WindowsPowerShell\v1.0\;C:\Windows\System32\OpenSSH\;C:\Program Files (x86)\NVIDIA Corporation\PhysX\Common;C:\Program Files\NVIDIA Corporation\NVIDIA NvDLISR;C:\WINDOWS\system32;C:\WINDOWS;C:\WINDOWS\System32\Wbem;C:\WINDOWS\System32\WindowsPowerShell\v1.0\;C:\WINDOWS\System32\OpenSSH\;C:\Program Files\nodejs\;C:\Program Files\Git\cmd;C:\Program Files\Apache\apache-maven-3.9.9\bin;C:\Program Files\Apache\apache-maven-3.9.9\bin;C:\Program Files\Docker\Docker\resources\bin;C:\Program Files\Kubernetes\Minikube;C:\Program Files\Git\cmd;C:\Program Files\Apache\apache-maven-3.9.9;C:\Program Files\Java\jdk-17;C:\Program Files\MySQL\MySQL Server 8.0\bin;C:\Users\nuutt\AppData\Local\Programs\Python\Launcher\;C:\Users\nuutt\AppData\Local\Microsoft\WindowsApps;C:\Users\nuutt\AppData\Roaming\npm;C:\Users\nuutt\AppData\Local\GitHubDesktop\bin;C:\Users\nuutt\AppData\Local\Programs\Microsoft VS Code\bin
USERNAME=nuutt
OS=Windows_NT
PROCESSOR_IDENTIFIER=AMD64 Family 25 Model 80 Stepping 0, AuthenticAMD
TMP=C:\Users\nuutt\AppData\Local\Temp
TEMP=C:\Users\nuutt\AppData\Local\Temp




Periodic native trim disabled

---------------  S Y S T E M  ---------------

OS:
 Windows 11 , 64 bit Build 22621 (10.0.22621.3958)
OS uptime: 8 days 8:51 hours
Hyper-V role detected

CPU: total 12 (initial active 12) (12 cores per cpu, 2 threads per core) family 25 model 80 stepping 0 microcode 0x0, cx8, cmov, fxsr, ht, mmx, 3dnowpref, sse, sse2, sse3, ssse3, sse4a, sse4.1, sse4.2, popcnt, lzcnt, tsc, tscinvbit, avx, avx2, aes, erms, clmul, bmi1, bmi2, adx, sha, fma, vzeroupper, clflush, clflushopt, hv, rdtscp, rdpid, fsrm, f16c, cet_ss
Processor Information for processor 0
  Max Mhz: 3301, Current Mhz: 2630, Mhz Limit: 3301
Processor Information for processor 1
  Max Mhz: 3301, Current Mhz: 3301, Mhz Limit: 3301
Processor Information for processor 2
  Max Mhz: 3301, Current Mhz: 2630, Mhz Limit: 3301
Processor Information for processor 3
  Max Mhz: 3301, Current Mhz: 3301, Mhz Limit: 3301
Processor Information for processor 4
  Max Mhz: 3301, Current Mhz: 2630, Mhz Limit: 3301
Processor Information for processor 5
  Max Mhz: 3301, Current Mhz: 2630, Mhz Limit: 3301
Processor Information for processor 6
  Max Mhz: 3301, Current Mhz: 2630, Mhz Limit: 3301
Processor Information for processor 7
  Max Mhz: 3301, Current Mhz: 2630, Mhz Limit: 3301
Processor Information for processor 8
  Max Mhz: 3301, Current Mhz: 3301, Mhz Limit: 3301
Processor Information for processor 9
  Max Mhz: 3301, Current Mhz: 2630, Mhz Limit: 3301
Processor Information for processor 10
  Max Mhz: 3301, Current Mhz: 2630, Mhz Limit: 3301
Processor Information for processor 11
  Max Mhz: 3301, Current Mhz: 3301, Mhz Limit: 3301

Memory: 4k page, system-wide physical 14188M (4184M free)
TotalPageFile size 21100M (AvailPageFile size 5703M)
current process WorkingSet (physical memory assigned to process): 285M, peak: 321M
current process commit charge ("private bytes"): 467M, peak: 509M

vm_info: Java HotSpot(TM) 64-Bit Server VM (22+36-2370) for windows-amd64 JRE (22+36-2370), built on 2024-02-15T22:15:19Z by "mach5one" with MS VC++ 17.6 (VS2022)

END.
