#
# A fatal error has been detected by the Java Runtime Environment:
#
#  EXCEPTION_ACCESS_VIOLATION (0xc0000005) at pc=0x00007ffcf6b36407, pid=13900, tid=23412
#
# JRE version: Java(TM) SE Runtime Environment (22.0+36) (build 22+36-2370)
# Java VM: Java HotSpot(TM) 64-Bit Server VM (22+36-2370, mixed mode, sharing, tiered, compressed oops, compressed class ptrs, g1 gc, windows-amd64)
# Problematic frame:
# C  [glass.dll+0x26407]
#
# No core dump will be written. Minidumps are not enabled by default on client versions of Windows
#
# If you would like to submit a bug report, please visit:
#   https://bugreport.java.com/bugreport/crash.jsp
#

---------------  S U M M A R Y ------------

Command Line: -javaagent:C:\Program Files\JetBrains\IntelliJ IDEA 2023.3.6\lib\idea_rt.jar=59344:C:\Program Files\JetBrains\IntelliJ IDEA 2023.3.6\bin -Dfile.encoding=UTF-8 -Dsun.stdout.encoding=UTF-8 -Dsun.stderr.encoding=UTF-8 --module-path=C:\Users\nuutt\IdeaProjects\ProjectDemo\target\classes;C:\Users\nuutt\.m2\repository\org\kordamp\bootstrapfx\bootstrapfx-core\0.4.0\bootstrapfx-core-0.4.0.jar;C:\Users\nuutt\.m2\repository\org\openjfx\javafx-fxml\20.0.1\javafx-fxml-20.0.1-win.jar;C:\Users\nuutt\.m2\repository\org\openjfx\javafx-controls\20.0.1\javafx-controls-20.0.1-win.jar;C:\Users\nuutt\.m2\repository\org\openjfx\javafx-base\20.0.1\javafx-base-20.0.1-win.jar;C:\Users\nuutt\.m2\repository\com\dlsc\formsfx\formsfx-core\11.6.0\formsfx-core-11.6.0.jar;C:\Users\nuutt\.m2\repository\org\controlsfx\controlsfx\11.1.2\controlsfx-11.1.2.jar;C:\Users\nuutt\.m2\repository\org\openjfx\javafx-graphics\20.0.1\javafx-graphics-20.0.1-win.jar -Djdk.module.main=com.example.projectdemo com.example.projectdemo/com.example.projectdemo.view.Gui

Host: AMD Ryzen 5 5600H with Radeon Graphics         , 12 cores, 13G,  Windows 11 , 64 bit Build 22621 (10.0.22621.3958)
Time: Fri Oct 11 18:43:37 2024 Tokion normaaliaika elapsed time: 764.428843 seconds (0d 0h 12m 44s)

---------------  T H R E A D  ---------------

Current thread (0x000002addfe254f0):  VMThread "VM Thread"          [id=23412, stack(0x000000dfaed00000,0x000000dfaee00000) (1024K)]

Stack: [0x000000dfaed00000,0x000000dfaee00000],  sp=0x000000dfaedff260,  free space=1020k
Native frames: (J=compiled Java code, j=interpreted, Vv=VM code, C=native code)
C  [glass.dll+0x26407]  (no source info available)
C  [ucrtbase.dll+0x53a93]  (no source info available)
C  [ucrtbase.dll+0x2042e]  (no source info available)
C  [ucrtbase.dll+0x1dddd]  (no source info available)
C  [glass.dll+0x23bcd]  (no source info available)
C  [glass.dll+0x23cf2]  (no source info available)
C  [ntdll.dll+0x28b7f]  (no source info available)
C  [ntdll.dll+0x51586]  (no source info available)
C  [ntdll.dll+0x5117d]  (no source info available)
C  [KERNEL32.DLL+0x17fab]  (no source info available)
C  [ucrtbase.dll+0x1bed8]  (no source info available)
C  [ucrtbase.dll+0x1c099]  (no source info available)
V  [jvm.dll+0x6db4db]  (no source info available)
V  [jvm.dll+0x6db010]  (no source info available)
V  [jvm.dll+0x3e1df4]  (no source info available)
V  [jvm.dll+0x87d870]  (no source info available)
V  [jvm.dll+0x87ebf7]  (no source info available)
V  [jvm.dll+0x87f170]  (no source info available)
V  [jvm.dll+0x87f413]  (no source info available)
V  [jvm.dll+0x81d50b]  (no source info available)
V  [jvm.dll+0x6e09e5]  (no source info available)
C  [ucrtbase.dll+0x29333]  (no source info available)
C  [KERNEL32.DLL+0x1257d]  (no source info available)
C  [ntdll.dll+0x5af28]  (no source info available)


siginfo: EXCEPTION_ACCESS_VIOLATION (0xc0000005), reading address 0x0000000000000000


Registers:
RAX=0x0000000000000000, RBX=0x000002addfe30ae2, RCX=0x000002addfe254f0, RDX=0x000000dfaedff260
RSP=0x000000dfaedff260, RBP=0x000002ae253005e8, RSI=0x000000dfaedff368, RDI=0x000002ae253005c0
R8 =0x0000000000010002, R9 =0x000002ae253005c0, R10=0x85f13e9656da4870, R11=0x000000dfaedff1f0
R12=0x00007ffcf6b33d40, R13=0x00007ffcc07e4b20, R14=0x00009a4e59ba953e, R15=0x000002ae253005c0
RIP=0x00007ffcf6b36407, EFLAGS=0x0000000000010202


Register to memory mapping:

RAX=0x0 is null
RBX=0x000002addfe30ae2 is a global jni handle
RCX=0x000002addfe254f0 points into unknown readable memory: 0x00007ffcc05e4e20 | 20 4e 5e c0 fc 7f 00 00
RDX=0x000000dfaedff260 points into unknown readable memory: 0x0000000000000000 | 00 00 00 00 00 00 00 00
RSP=0x000000dfaedff260 points into unknown readable memory: 0x0000000000000000 | 00 00 00 00 00 00 00 00
RBP=0x000002ae253005e8 points into unknown readable memory: 0x00009a4e59ba953e | 3e 95 ba 59 4e 9a 00 00
RSI=0x000000dfaedff368 points into unknown readable memory: 0x000000dfaedff350 | 50 f3 df ae df 00 00 00
RDI=0x000002ae253005c0 points into unknown readable memory: 0x000085b164165b28 | 28 5b 16 64 b1 85 00 00
R8 =0x0000000000010002 is an unknown value
R9 =0x000002ae253005c0 points into unknown readable memory: 0x000085b164165b28 | 28 5b 16 64 b1 85 00 00
R10=0x85f13e9656da4870 is an unknown value
R11=0x000000dfaedff1f0 points into unknown readable memory: 0x000002ae253005c0 | c0 05 30 25 ae 02 00 00
R12=0x00007ffcf6b33d40 glass.dll
R13=0x00007ffcc07e4b20 jvm.dll
R14=0x00009a4e59ba953e is an unknown value
R15=0x000002ae253005c0 points into unknown readable memory: 0x000085b164165b28 | 28 5b 16 64 b1 85 00 00

Top of Stack: (sp=0x000000dfaedff260)
0x000000dfaedff260:   0000000000000000 000000dfaedff368
0x000000dfaedff270:   00007ffcc07e4b20 00007ffcf6b33d40
0x000000dfaedff280:   000002ae253005c8 00007ffd346a3a93
0x000000dfaedff290:   000002ae253005c0 000002ae00000000
0x000000dfaedff2a0:   000002ae253005e8 000000dfaedff368
0x000000dfaedff2b0:   fffffffffffffffe 0000000000000000
0x000000dfaedff2c0:   0000000000000001 00007ffcf6b10000
0x000000dfaedff2d0:   000000dfaedff358 00007ffd3467042e
0x000000dfaedff2e0:   0000000000000000 000000dfaedff368
0x000000dfaedff2f0:   000000dfaedff650 0000000000000001
0x000000dfaedff300:   0000000000000001 00007ffd3466dddd
0x000000dfaedff310:   0000000000000000 00007ffcf6b33539
0x000000dfaedff320:   00007ffd311f6ef0 000000dfaedff358
0x000000dfaedff330:   fffffffffffffffe 000000dfaedff320
0x000000dfaedff340:   0000000000000000 00007ffcf6b33bcd
0x000000dfaedff350:   00007ffcf6b49f88 00007ffd00000002
0x000000dfaedff360:   0000000000000002 000000dfaedff350
0x000000dfaedff370:   0000000000000000 00007ffd36e98ae3
0x000000dfaedff380:   0000000000000000 00007ffcf6b33cf2
0x000000dfaedff390:   0000000000000001 0000000000000001
0x000000dfaedff3a0:   000000dfaedff650 0000000000000001
0x000000dfaedff3b0:   00007ffd36050000 00007ffd33a22223
0x000000dfaedff3c0:   0000000000000001 00007ffd331f0000
0x000000dfaedff3d0:   00007ffcf6b10000 000000007ffe0384
0x000000dfaedff3e0:   0000000000000000 00007ffd36e98b7f
0x000000dfaedff3f0:   00007ffcf6b10000 0000000000000000
0x000000dfaedff400:   0000000000000001 000000007ffe0385
0x000000dfaedff410:   0000000000000000 00007ffd36ec17c9
0x000000dfaedff420:   0000f304977fea00 0000000000000014
0x000000dfaedff430:   00007ffcf6b33d40 0000000000000000
0x000000dfaedff440:   0000000000000000 000000dfae159000
0x000000dfaedff450:   000002ae25d25c40 00007ffd36ec1586 

Instructions: (pc=0x00007ffcf6b36407)
0x00007ffcf6b36307:   8b 4d 58 e8 7d cf ff ff 48 8b 4d 60 e8 74 cf ff
0x00007ffcf6b36317:   ff 48 8b 95 80 00 00 00 48 8b 8d 18 01 00 00 e8
0x00007ffcf6b36327:   66 c4 ff ff 33 d2 33 c9 e8 bc e1 ff ff 90 48 89
0x00007ffcf6b36337:   54 24 10 55 48 83 ec 20 48 8b ea 48 b8 00 00 00
0x00007ffcf6b36347:   00 00 00 00 00 48 83 c4 20 5d c3 cc 40 55 48 8b
0x00007ffcf6b36357:   ea 48 8b 01 33 c9 81 38 05 00 00 c0 0f 94 c1 8b
0x00007ffcf6b36367:   c1 5d c3 cc 40 55 48 83 ec 20 48 8b ea 8a 4d 40
0x00007ffcf6b36377:   48 83 c4 20 5d e9 63 d3 ff ff cc 40 55 48 83 ec
0x00007ffcf6b36387:   20 48 8b ea 8a 4d 20 e8 51 d3 ff ff 90 48 83 c4
0x00007ffcf6b36397:   20 5d c3 cc 40 55 48 83 ec 20 48 8b ea 48 83 c4
0x00007ffcf6b363a7:   20 5d e9 b2 d1 ff ff cc 40 55 48 83 ec 30 48 8b
0x00007ffcf6b363b7:   ea 48 8b 01 8b 10 48 89 4c 24 28 89 54 24 20 4c
0x00007ffcf6b363c7:   8d 0d 53 d6 ff ff 4c 8b 45 70 8b 55 68 48 8b 4d
0x00007ffcf6b363d7:   60 e8 f3 d0 ff ff 90 48 83 c4 30 5d c3 cc cc cc
0x00007ffcf6b363e7:   cc cc cc cc cc cc cc cc cc 40 53 48 83 ec 20 48
0x00007ffcf6b363f7:   8b 1d 8b 35 01 00 48 85 db 74 16 e8 79 8b ff ff
0x00007ffcf6b36407:   4c 8b 00 48 8b d3 48 8b c8 41 ff 90 b0 00 00 00
0x00007ffcf6b36417:   90 48 83 c4 20 5b c3 cc cc 40 53 48 83 ec 20 48
0x00007ffcf6b36427:   8b 1d fb 36 01 00 48 85 db 74 57 b8 ff ff ff ff
0x00007ffcf6b36437:   f0 0f c1 43 10 83 f8 01 75 3d 48 85 db 74 38 48
0x00007ffcf6b36447:   8b 0b 48 85 c9 74 0d ff 15 54 0e 00 00 48 c7 03
0x00007ffcf6b36457:   00 00 00 00 48 8b 4b 08 48 85 c9 74 0d e8 23 ce
0x00007ffcf6b36467:   ff ff 48 c7 43 08 00 00 00 00 ba 18 00 00 00 48
0x00007ffcf6b36477:   8b cb e8 0e ce ff ff 48 c7 05 9f 36 01 00 00 00
0x00007ffcf6b36487:   00 00 48 83 c4 20 5b c3 cc 40 53 48 83 ec 20 48
0x00007ffcf6b36497:   8b 1d 6b 36 01 00 48 85 db 74 57 b8 ff ff ff ff
0x00007ffcf6b364a7:   f0 0f c1 43 10 83 f8 01 75 3d 48 85 db 74 38 48
0x00007ffcf6b364b7:   8b 0b 48 85 c9 74 0d ff 15 e4 0d 00 00 48 c7 03
0x00007ffcf6b364c7:   00 00 00 00 48 8b 4b 08 48 85 c9 74 0d e8 b3 cd
0x00007ffcf6b364d7:   ff ff 48 c7 43 08 00 00 00 00 ba 18 00 00 00 48
0x00007ffcf6b364e7:   8b cb e8 9e cd ff ff 48 c7 05 0f 36 01 00 00 00
0x00007ffcf6b364f7:   00 00 48 83 c4 20 5b c3 cc 40 53 48 83 ec 20 48 


Stack slot to memory mapping:

stack at sp + 0 slots: 0x0 is null
stack at sp + 1 slots: 0x000000dfaedff368 points into unknown readable memory: 0x000000dfaedff350 | 50 f3 df ae df 00 00 00
stack at sp + 2 slots: 0x00007ffcc07e4b20 jvm.dll
stack at sp + 3 slots: 0x00007ffcf6b33d40 glass.dll
stack at sp + 4 slots: 0x000002ae253005c8 points into unknown readable memory: 0x00009a4e59ba953e | 3e 95 ba 59 4e 9a 00 00
stack at sp + 5 slots: 0x00007ffd346a3a93 ucrtbase.dll
stack at sp + 6 slots: 0x000002ae253005c0 points into unknown readable memory: 0x000085b164165b28 | 28 5b 16 64 b1 85 00 00
stack at sp + 7 slots: 0x000002ae00000000 is an unknown value

VM_Operation (0x000000dfae4ff080): Exit, mode: safepoint, requested by thread 0x000002ae2630fc20


---------------  P R O C E S S  ---------------

Threads class SMR info:
_java_thread_list=0x000002ae256f52f0, length=21, elements={
0x000002adbf43c7d0, 0x000002addfe419c0, 0x000002addfe427e0, 0x000002addfe45450,
0x000002addfe47ec0, 0x000002addfe4a930, 0x000002addfe4f290, 0x000002addfe84060,
0x000002addfe87b30, 0x000002addfe4f920, 0x000002addfe4e570, 0x000002addfe4cb30,
0x000002addfe4ffb0, 0x000002addfe4d1c0, 0x000002addfe4d850, 0x000002addfe4dee0,
0x000002addfe4ec00, 0x000002ae2630ef00, 0x000002ae26310940, 0x000002ae2630e870,
0x000002ae2630fc20
}

Java Threads: ( => current thread )
  0x000002adbf43c7d0 JavaThread "main"                              [_thread_blocked, id=12204, stack(0x000000dfae600000,0x000000dfae700000) (1024K)]
  0x000002addfe419c0 JavaThread "Reference Handler"          daemon [_thread_blocked, id=18468, stack(0x000000dfaee00000,0x000000dfaef00000) (1024K)]
  0x000002addfe427e0 JavaThread "Finalizer"                  daemon [_thread_blocked, id=19100, stack(0x000000dfaef00000,0x000000dfaf000000) (1024K)]
  0x000002addfe45450 JavaThread "Signal Dispatcher"          daemon [_thread_blocked, id=19304, stack(0x000000dfaf000000,0x000000dfaf100000) (1024K)]
  0x000002addfe47ec0 JavaThread "Attach Listener"            daemon [_thread_blocked, id=22064, stack(0x000000dfaf100000,0x000000dfaf200000) (1024K)]
  0x000002addfe4a930 JavaThread "Service Thread"             daemon [_thread_blocked, id=22948, stack(0x000000dfaf200000,0x000000dfaf300000) (1024K)]
  0x000002addfe4f290 JavaThread "Monitor Deflation Thread"   daemon [_thread_blocked, id=19056, stack(0x000000dfaf300000,0x000000dfaf400000) (1024K)]
  0x000002addfe84060 JavaThread "C2 CompilerThread0"         daemon [_thread_blocked, id=18740, stack(0x000000dfaf400000,0x000000dfaf500000) (1024K)]
  0x000002addfe87b30 JavaThread "C1 CompilerThread0"         daemon [_thread_blocked, id=10932, stack(0x000000dfaf500000,0x000000dfaf600000) (1024K)]
  0x000002addfe4f920 JavaThread "Common-Cleaner"             daemon [_thread_blocked, id=28848, stack(0x000000dfaf600000,0x000000dfaf700000) (1024K)]
  0x000002addfe4e570 JavaThread "Monitor Ctrl-Break"         daemon [_thread_in_native, id=14492, stack(0x000000dfaf900000,0x000000dfafa00000) (1024K)]
  0x000002addfe4cb30 JavaThread "Notification Thread"        daemon [_thread_blocked, id=14160, stack(0x000000dfafa00000,0x000000dfafb00000) (1024K)]
  0x000002addfe4ffb0 JavaThread "QuantumRenderer-0"          daemon [_thread_blocked, id=12120, stack(0x000000dfaf800000,0x000000dfaf900000) (1024K)]
  0x000002addfe4d1c0 JavaThread "InvokeLaterDispatcher"      daemon [_thread_blocked, id=15200, stack(0x000000dfafd00000,0x000000dfafe00000) (1024K)]
  0x000002addfe4d850 JavaThread "JavaFX Application Thread"         [_thread_in_native, id=7048, stack(0x000000dfafe00000,0x000000dfaff00000) (1024K)]
  0x000002addfe4dee0 JavaThread "Thread-1"                   daemon [_thread_in_native, id=10016, stack(0x000000dfb0700000,0x000000dfb0800000) (1024K)]
  0x000002addfe4ec00 JavaThread "JavaFX-Launcher"                   [_thread_blocked, id=16108, stack(0x000000dfb0800000,0x000000dfb0900000) (1024K)]
  0x000002ae2630ef00 JavaThread "Prism Font Disposer"        daemon [_thread_blocked, id=23268, stack(0x000000dfb0e00000,0x000000dfb0f00000) (1024K)]
  0x000002ae26310940 JavaThread "Cleaner-0"                  daemon [_thread_blocked, id=16416, stack(0x000000dfb1300000,0x000000dfb1400000) (1024K)]
  0x000002ae2630e870 JavaThread "mysql-cj-abandoned-connection-cleanup" daemon [_thread_blocked, id=22976, stack(0x000000dfb1900000,0x000000dfb1a00000) (1024K)]
  0x000002ae2630fc20 JavaThread "SIGINT handler"             daemon [_thread_blocked, id=26032, stack(0x000000dfae400000,0x000000dfae500000) (1024K)]
Total: 21

Other Threads:
=>0x000002addfe254f0 VMThread "VM Thread"                           [id=23412, stack(0x000000dfaed00000,0x000000dfaee00000) (1024K)]
  0x000002adbf49bd70 WorkerThread "GC Thread#0"                     [id=18156, stack(0x000000dfae700000,0x000000dfae800000) (1024K)]
  0x000002ae26141810 WorkerThread "GC Thread#1"                     [id=16956, stack(0x000000dfb0900000,0x000000dfb0a00000) (1024K)]
  0x000002ae26141bc0 WorkerThread "GC Thread#2"                     [id=27456, stack(0x000000dfb0a00000,0x000000dfb0b00000) (1024K)]
  0x000002ae260eb9e0 WorkerThread "GC Thread#3"                     [id=2356, stack(0x000000dfb0b00000,0x000000dfb0c00000) (1024K)]
  0x000002ae260ebd90 WorkerThread "GC Thread#4"                     [id=27828, stack(0x000000dfb0c00000,0x000000dfb0d00000) (1024K)]
  0x000002ae2617ee10 WorkerThread "GC Thread#5"                     [id=25196, stack(0x000000dfb0d00000,0x000000dfb0e00000) (1024K)]
  0x000002ae26482a10 WorkerThread "GC Thread#6"                     [id=19024, stack(0x000000dfb1400000,0x000000dfb1500000) (1024K)]
  0x000002ae265f5220 WorkerThread "GC Thread#7"                     [id=26768, stack(0x000000dfb1500000,0x000000dfb1600000) (1024K)]
  0x000002ae267cdfe0 WorkerThread "GC Thread#8"                     [id=20828, stack(0x000000dfb1600000,0x000000dfb1700000) (1024K)]
  0x000002ae267ce390 WorkerThread "GC Thread#9"                     [id=28732, stack(0x000000dfb1700000,0x000000dfb1800000) (1024K)]
  0x000002adbf4aacd0 ConcurrentGCThread "G1 Main Marker"            terminated
  0x000002adbf4ab7e0 WorkerThread "G1 Conc#0"                       [id=16776, stack(0x000000dfae900000,0x000000dfaea00000) (1024K)]
  0x000002ae267ebfe0 WorkerThread "G1 Conc#1"                       [id=12172, stack(0x000000dfb1a00000,0x000000dfb1b00000) (1024K)]
  0x000002ae267ed600 WorkerThread "G1 Conc#2"                       [id=22360, stack(0x000000dfb1b00000,0x000000dfb1c00000) (1024K)]
  0x000002adbf4fe870 ConcurrentGCThread "G1 Refine#0"               terminated
  0x000002addfcddaa0 ConcurrentGCThread "G1 Service"                terminated
Total: 17

Threads with active compile tasks:
Total: 0

VM state: at safepoint (shutting down)

VM Mutex/Monitor currently owned by a thread:  ([mutex/lock_event])
[0x00007ffcc07bcbc8] Threads_lock - owner thread: 0x000002addfe254f0
[0x00007ffcc07bccc8] Heap_lock - owner thread: 0x000002ae2630fc20

Heap address: 0x0000000722400000, size: 3548 MB, Compressed Oops mode: Zero based, Oop shift amount: 3

CDS archive(s) mapped at: [0x000002ade0000000-0x000002ade0c60000-0x000002ade0c60000), size 12976128, SharedBaseAddress: 0x000002ade0000000, ArchiveRelocationMode: 1.
Compressed class space mapped at: 0x000002ade1000000-0x000002ae21000000, reserved size: 1073741824
Narrow klass base: 0x000002ade0000000, Narrow klass shift: 0, Narrow klass range: 0x41000000

GC Precious Log:
 CardTable entry size: 512
 Card Set container configuration: InlinePtr #cards 4 size 8 Array Of Cards #cards 16 size 48 Howl #buckets 8 coarsen threshold 3686 Howl Bitmap #cards 512 size 80 coarsen threshold 460 Card regions per heap region 1 cards per card region 4096
 CPUs: 12 total, 12 available
 Memory: 14188M
 Large Page Support: Disabled
 NUMA Support: Disabled
 Compressed Oops: Enabled (Zero based)
 Heap Region Size: 2M
 Heap Min Capacity: 8M
 Heap Initial Capacity: 222M
 Heap Max Capacity: 3548M
 Pre-touch: Disabled
 Parallel Workers: 10
 Concurrent Workers: 3
 Concurrent Refinement Workers: 10
 Periodic GC: Disabled

Heap:
 garbage-first heap   total reserved 3633152K, committed 139264K, used 113175K [0x0000000722400000, 0x0000000800000000)
  region size 2048K, 16 young (32768K), 5 survivors (10240K)
 Metaspace       used 30359K, committed 30848K, reserved 1114112K
  class space    used 4176K, committed 4416K, reserved 1048576K

Heap Regions: E=young(eden), S=young(survivor), O=old, HS=humongous(starts), HC=humongous(continues), CS=collection set, F=free, TAMS=top-at-mark-start, PB=parsable bottom
|   0|0x0000000722400000, 0x0000000722600000, 0x0000000722600000|100%| O|  |TAMS 0x0000000722400000| PB 0x0000000722400000| Untracked |  0
|   1|0x0000000722600000, 0x00000007226c1800, 0x0000000722800000| 37%| O|Cm|TAMS 0x0000000722600000| PB 0x0000000722600000| Complete |  0
|   2|0x0000000722800000, 0x0000000722a00000, 0x0000000722a00000|100%|HS|  |TAMS 0x0000000722800000| PB 0x0000000722800000| Complete |  0
|   3|0x0000000722a00000, 0x0000000722c00000, 0x0000000722c00000|100%|HS|  |TAMS 0x0000000722a00000| PB 0x0000000722a00000| Complete |  0
|   4|0x0000000722c00000, 0x0000000722e00000, 0x0000000722e00000|100%|HS|  |TAMS 0x0000000722c00000| PB 0x0000000722c00000| Complete |  0
|   5|0x0000000722e00000, 0x0000000723000000, 0x0000000723000000|100%|HC|  |TAMS 0x0000000722e00000| PB 0x0000000722e00000| Complete |  0
|   6|0x0000000723000000, 0x0000000723200000, 0x0000000723200000|100%|HC|  |TAMS 0x0000000723000000| PB 0x0000000723000000| Complete |  0
|   7|0x0000000723200000, 0x0000000723400000, 0x0000000723400000|100%|HC|  |TAMS 0x0000000723200000| PB 0x0000000723200000| Complete |  0
|   8|0x0000000723400000, 0x0000000723600000, 0x0000000723600000|100%|HC|  |TAMS 0x0000000723400000| PB 0x0000000723400000| Complete |  0
|   9|0x0000000723600000, 0x0000000723800000, 0x0000000723800000|100%|HS|  |TAMS 0x0000000723600000| PB 0x0000000723600000| Complete |  0
|  10|0x0000000723800000, 0x0000000723800000, 0x0000000723a00000|  0%| F|  |TAMS 0x0000000723800000| PB 0x0000000723800000| Untracked |  0
|  11|0x0000000723a00000, 0x0000000723a00000, 0x0000000723c00000|  0%| F|  |TAMS 0x0000000723a00000| PB 0x0000000723a00000| Untracked |  0
|  12|0x0000000723c00000, 0x0000000723c00000, 0x0000000723e00000|  0%| F|  |TAMS 0x0000000723c00000| PB 0x0000000723c00000| Untracked |  0
|  13|0x0000000723e00000, 0x0000000723e00000, 0x0000000724000000|  0%| F|  |TAMS 0x0000000723e00000| PB 0x0000000723e00000| Untracked |  0
|  14|0x0000000724000000, 0x0000000724000000, 0x0000000724200000|  0%| F|  |TAMS 0x0000000724000000| PB 0x0000000724000000| Untracked |  0
|  15|0x0000000724200000, 0x0000000724200000, 0x0000000724400000|  0%| F|  |TAMS 0x0000000724200000| PB 0x0000000724200000| Untracked |  0
|  16|0x0000000724400000, 0x0000000724400000, 0x0000000724600000|  0%| F|  |TAMS 0x0000000724400000| PB 0x0000000724400000| Untracked |  0
|  17|0x0000000724600000, 0x0000000724600000, 0x0000000724800000|  0%| F|  |TAMS 0x0000000724600000| PB 0x0000000724600000| Untracked |  0
|  18|0x0000000724800000, 0x0000000724800000, 0x0000000724a00000|  0%| F|  |TAMS 0x0000000724800000| PB 0x0000000724800000| Untracked |  0
|  19|0x0000000724a00000, 0x0000000724a2e1a8, 0x0000000724c00000|  9%| E|  |TAMS 0x0000000724a00000| PB 0x0000000724a00000| Complete |  0
|  20|0x0000000724c00000, 0x0000000724e00000, 0x0000000724e00000|100%| E|CS|TAMS 0x0000000724c00000| PB 0x0000000724c00000| Complete |  0
|  21|0x0000000724e00000, 0x0000000725000000, 0x0000000725000000|100%| E|  |TAMS 0x0000000724e00000| PB 0x0000000724e00000| Complete |  0
|  22|0x0000000725000000, 0x0000000725200000, 0x0000000725200000|100%| E|CS|TAMS 0x0000000725000000| PB 0x0000000725000000| Complete |  0
|  23|0x0000000725200000, 0x0000000725400000, 0x0000000725400000|100%|HS|  |TAMS 0x0000000725200000| PB 0x0000000725200000| Complete |  0
|  24|0x0000000725400000, 0x0000000725600000, 0x0000000725600000|100%|HC|  |TAMS 0x0000000725400000| PB 0x0000000725400000| Complete |  0
|  25|0x0000000725600000, 0x0000000725800000, 0x0000000725800000|100%|HC|  |TAMS 0x0000000725600000| PB 0x0000000725600000| Complete |  0
|  26|0x0000000725800000, 0x0000000725a00000, 0x0000000725a00000|100%|HC|  |TAMS 0x0000000725800000| PB 0x0000000725800000| Complete |  0
|  27|0x0000000725a00000, 0x0000000725c00000, 0x0000000725c00000|100%|HC|  |TAMS 0x0000000725a00000| PB 0x0000000725a00000| Complete |  0
|  28|0x0000000725c00000, 0x0000000725e00000, 0x0000000725e00000|100%|HC|  |TAMS 0x0000000725c00000| PB 0x0000000725c00000| Complete |  0
|  29|0x0000000725e00000, 0x0000000726000000, 0x0000000726000000|100%|HC|  |TAMS 0x0000000725e00000| PB 0x0000000725e00000| Complete |  0
|  30|0x0000000726000000, 0x0000000726200000, 0x0000000726200000|100%|HC|  |TAMS 0x0000000726000000| PB 0x0000000726000000| Complete |  0
|  31|0x0000000726200000, 0x0000000726400000, 0x0000000726400000|100%|HC|  |TAMS 0x0000000726200000| PB 0x0000000726200000| Complete |  0
|  32|0x0000000726400000, 0x0000000726600000, 0x0000000726600000|100%|HC|  |TAMS 0x0000000726400000| PB 0x0000000726400000| Complete |  0
|  33|0x0000000726600000, 0x0000000726800000, 0x0000000726800000|100%|HC|  |TAMS 0x0000000726600000| PB 0x0000000726600000| Complete |  0
|  34|0x0000000726800000, 0x0000000726a00000, 0x0000000726a00000|100%|HC|  |TAMS 0x0000000726800000| PB 0x0000000726800000| Complete |  0
|  35|0x0000000726a00000, 0x0000000726c00000, 0x0000000726c00000|100%|HC|  |TAMS 0x0000000726a00000| PB 0x0000000726a00000| Complete |  0
|  36|0x0000000726c00000, 0x0000000726e00000, 0x0000000726e00000|100%|HC|  |TAMS 0x0000000726c00000| PB 0x0000000726c00000| Complete |  0
|  37|0x0000000726e00000, 0x0000000727000000, 0x0000000727000000|100%|HC|  |TAMS 0x0000000726e00000| PB 0x0000000726e00000| Complete |  0
|  38|0x0000000727000000, 0x0000000727200000, 0x0000000727200000|100%|HC|  |TAMS 0x0000000727000000| PB 0x0000000727000000| Complete |  0
|  39|0x0000000727200000, 0x0000000727400000, 0x0000000727400000|100%|HC|  |TAMS 0x0000000727200000| PB 0x0000000727200000| Complete |  0
|  40|0x0000000727400000, 0x0000000727600000, 0x0000000727600000|100%|HC|  |TAMS 0x0000000727400000| PB 0x0000000727400000| Complete |  0
|  41|0x0000000727600000, 0x0000000727800000, 0x0000000727800000|100%|HS|  |TAMS 0x0000000727600000| PB 0x0000000727600000| Complete |  0
|  42|0x0000000727800000, 0x0000000727a00000, 0x0000000727a00000|100%|HC|  |TAMS 0x0000000727800000| PB 0x0000000727800000| Complete |  0
|  43|0x0000000727a00000, 0x0000000727c00000, 0x0000000727c00000|100%|HC|  |TAMS 0x0000000727a00000| PB 0x0000000727a00000| Complete |  0
|  44|0x0000000727c00000, 0x0000000727e00000, 0x0000000727e00000|100%|HC|  |TAMS 0x0000000727c00000| PB 0x0000000727c00000| Complete |  0
|  45|0x0000000727e00000, 0x0000000728000000, 0x0000000728000000|100%|HC|  |TAMS 0x0000000727e00000| PB 0x0000000727e00000| Complete |  0
|  46|0x0000000728000000, 0x0000000728200000, 0x0000000728200000|100%|HC|  |TAMS 0x0000000728000000| PB 0x0000000728000000| Complete |  0
|  47|0x0000000728200000, 0x0000000728400000, 0x0000000728400000|100%|HC|  |TAMS 0x0000000728200000| PB 0x0000000728200000| Complete |  0
|  48|0x0000000728400000, 0x0000000728600000, 0x0000000728600000|100%|HC|  |TAMS 0x0000000728400000| PB 0x0000000728400000| Complete |  0
|  49|0x0000000728600000, 0x0000000728800000, 0x0000000728800000|100%|HC|  |TAMS 0x0000000728600000| PB 0x0000000728600000| Complete |  0
|  50|0x0000000728800000, 0x0000000728a00000, 0x0000000728a00000|100%|HC|  |TAMS 0x0000000728800000| PB 0x0000000728800000| Complete |  0
|  51|0x0000000728a00000, 0x0000000728c00000, 0x0000000728c00000|100%|HC|  |TAMS 0x0000000728a00000| PB 0x0000000728a00000| Complete |  0
|  52|0x0000000728c00000, 0x0000000728e00000, 0x0000000728e00000|100%| S|CS|TAMS 0x0000000728c00000| PB 0x0000000728c00000| Complete |  0
|  53|0x0000000728e00000, 0x0000000729000000, 0x0000000729000000|100%| S|CS|TAMS 0x0000000728e00000| PB 0x0000000728e00000| Complete |  0
|  54|0x0000000729000000, 0x0000000729200000, 0x0000000729200000|100%| S|CS|TAMS 0x0000000729000000| PB 0x0000000729000000| Complete |  0
|  55|0x0000000729200000, 0x0000000729400000, 0x0000000729400000|100%| S|CS|TAMS 0x0000000729200000| PB 0x0000000729200000| Complete |  0
|  56|0x0000000729400000, 0x00000007295a3a78, 0x0000000729600000| 81%| S|CS|TAMS 0x0000000729400000| PB 0x0000000729400000| Complete |  0
|  89|0x000000072d600000, 0x000000072d800000, 0x000000072d800000|100%| E|CS|TAMS 0x000000072d600000| PB 0x000000072d600000| Complete |  0
|  90|0x000000072d800000, 0x000000072da00000, 0x000000072da00000|100%| E|CS|TAMS 0x000000072d800000| PB 0x000000072d800000| Complete |  0
|  91|0x000000072da00000, 0x000000072dc00000, 0x000000072dc00000|100%| E|CS|TAMS 0x000000072da00000| PB 0x000000072da00000| Complete |  0
|  92|0x000000072dc00000, 0x000000072de00000, 0x000000072de00000|100%| E|CS|TAMS 0x000000072dc00000| PB 0x000000072dc00000| Complete |  0
|  93|0x000000072de00000, 0x000000072e000000, 0x000000072e000000|100%| E|CS|TAMS 0x000000072de00000| PB 0x000000072de00000| Complete |  0
|  94|0x000000072e000000, 0x000000072e200000, 0x000000072e200000|100%| E|CS|TAMS 0x000000072e000000| PB 0x000000072e000000| Complete |  0
| 110|0x0000000730000000, 0x0000000730200000, 0x0000000730200000|100%| E|CS|TAMS 0x0000000730000000| PB 0x0000000730000000| Complete |  0
|1770|0x00000007ff800000, 0x00000007ff820b10, 0x00000007ffa00000|  6%| O|  |TAMS 0x00000007ff800000| PB 0x00000007ff800000| Untracked |  0
|1771|0x00000007ffa00000, 0x00000007ffc00000, 0x00000007ffc00000|100%| O|  |TAMS 0x00000007ffa00000| PB 0x00000007ffa00000| Untracked |  0
|1772|0x00000007ffc00000, 0x00000007ffe00000, 0x00000007ffe00000|100%| O|  |TAMS 0x00000007ffc00000| PB 0x00000007ffc00000| Untracked |  0
|1773|0x00000007ffe00000, 0x0000000800000000, 0x0000000800000000|100%| O|  |TAMS 0x00000007ffe00000| PB 0x00000007ffe00000| Untracked |  0

Card table byte_map: [0x000002add9300000,0x000002add99f0000] _byte_map_base: 0x000002add59ee000

Marking Bits: (CMBitMap*) 0x000002adbf49c480
 Bits: [0x000002add99f0000, 0x000002addd160000)

Polling page: 0x000002adbf500000

Metaspace:

Usage:
  Non-class:     25.57 MB used.
      Class:      4.08 MB used.
       Both:     29.65 MB used.

Virtual space:
  Non-class space:       64.00 MB reserved,      25.81 MB ( 40%) committed,  1 nodes.
      Class space:        1.00 GB reserved,       4.31 MB ( <1%) committed,  1 nodes.
             Both:        1.06 GB reserved,      30.12 MB (  3%) committed. 

Chunk freelists:
   Non-Class:  5.72 MB
       Class:  11.67 MB
        Both:  17.39 MB

MaxMetaspaceSize: unlimited
CompressedClassSpaceSize: 1.00 GB
Initial GC threshold: 21.00 MB
Current GC threshold: 35.25 MB
CDS: on
 - commit_granule_bytes: 65536.
 - commit_granule_words: 8192.
 - virtual_space_node_default_size: 8388608.
 - enlarge_chunks_in_place: 1.
 - use_allocation_guard: 0.


Internal statistics:

num_allocs_failed_limit: 3.
num_arena_births: 478.
num_arena_deaths: 0.
num_vsnodes_births: 2.
num_vsnodes_deaths: 0.
num_space_committed: 482.
num_space_uncommitted: 0.
num_chunks_returned_to_freelist: 3.
num_chunks_taken_from_freelist: 1319.
num_chunk_merges: 3.
num_chunk_splits: 884.
num_chunks_enlarged: 626.
num_inconsistent_stats: 0.

CodeHeap 'non-profiled nmethods': size=120000Kb used=3075Kb max_used=3075Kb free=116924Kb
 bounds [0x000002add0a50000, 0x000002add0d60000, 0x000002add7f80000]
CodeHeap 'profiled nmethods': size=120000Kb used=12374Kb max_used=12374Kb free=107625Kb
 bounds [0x000002adc8f80000, 0x000002adc9ba0000, 0x000002add04b0000]
CodeHeap 'non-nmethods': size=5760Kb used=1988Kb max_used=2026Kb free=3771Kb
 bounds [0x000002add04b0000, 0x000002add0720000, 0x000002add0a50000]
 total_blobs=6776 nmethods=5819 adapters=861
 compilation: enabled
              stopped_count=0, restarted_count=0
 full_count=0

Compilation events (20 events):
Event: 308.978 Thread 0x000002addfe87b30 5814   !   3       jdk.internal.loader.BuiltinClassLoader::findMiscResource (122 bytes)
Event: 308.979 Thread 0x000002addfe87b30 nmethod 5814 0x000002adc9b90290 code [0x000002adc9b90540, 0x000002adc9b916b0]
Event: 333.995 Thread 0x000002addfe87b30 5815   !   3       jdk.internal.loader.BuiltinClassLoader::findResource (154 bytes)
Event: 333.998 Thread 0x000002addfe87b30 nmethod 5815 0x000002adc9b91b90 code [0x000002adc9b91f20, 0x000002adc9b93358]
Event: 333.998 Thread 0x000002addfe87b30 5816       3       jdk.internal.loader.BuiltinClassLoader::findResourceOnClassPath (41 bytes)
Event: 333.998 Thread 0x000002addfe87b30 nmethod 5816 0x000002adc9b93b90 code [0x000002adc9b93d60, 0x000002adc9b94148]
Event: 361.690 Thread 0x000002addfe87b30 5817       3       java.util.concurrent.locks.LockSupport::setBlocker (12 bytes)
Event: 361.691 Thread 0x000002addfe87b30 nmethod 5817 0x000002adc9b94290 code [0x000002adc9b94440, 0x000002adc9b94648]
Event: 549.322 Thread 0x000002addfe87b30 5818       3       java.lang.ClassLoader::getResource (41 bytes)
Event: 549.323 Thread 0x000002addfe87b30 nmethod 5818 0x000002adc9b94710 code [0x000002adc9b94920, 0x000002adc9b94f18]
Event: 589.395 Thread 0x000002addfe84060 5819   !   4       java.util.jar.JarFile::checkForSpecialAttributes (163 bytes)
Event: 589.399 Thread 0x000002addfe84060 nmethod 5819 0x000002add0d4fa10 code [0x000002add0d4fbe0, 0x000002add0d500a8]
Event: 619.442 Thread 0x000002addfe84060 5820       4       java.util.zip.ZipCoder::hash (36 bytes)
Event: 619.447 Thread 0x000002addfe84060 nmethod 5820 0x000002add0d50290 code [0x000002add0d50480, 0x000002add0d508e8]
Event: 763.892 Thread 0x000002addfe87b30 5821       3       java.util.Collections$3::hasMoreElements (10 bytes)
Event: 763.892 Thread 0x000002addfe84060 5822       4       java.util.concurrent.ConcurrentHashMap$BaseIterator::hasNext (13 bytes)
Event: 763.892 Thread 0x000002addfe87b30 nmethod 5821 0x000002adc9b95110 code [0x000002adc9b952c0, 0x000002adc9b954a0]
Event: 763.892 Thread 0x000002addfe87b30 5823       3       java.util.Collections$3::nextElement (10 bytes)
Event: 763.892 Thread 0x000002addfe87b30 nmethod 5823 0x000002adc9b95590 code [0x000002adc9b95740, 0x000002adc9b95920]
Event: 763.892 Thread 0x000002addfe84060 nmethod 5822 0x000002add0d50b10 code [0x000002add0d50c80, 0x000002add0d50d10]

GC Heap History (8 events):
Event: 0.803 GC heap before
{Heap before GC invocations=0 (full 0):
 garbage-first heap   total reserved 3633152K, committed 227328K, used 22528K [0x0000000722400000, 0x0000000800000000)
  region size 2048K, 12 young (24576K), 0 survivors (0K)
 Metaspace       used 4633K, committed 4864K, reserved 1114112K
  class space    used 511K, committed 640K, reserved 1048576K
}
Event: 0.807 GC heap after
{Heap after GC invocations=1 (full 0):
 garbage-first heap   total reserved 3633152K, committed 227328K, used 3132K [0x0000000722400000, 0x0000000800000000)
  region size 2048K, 2 young (4096K), 2 survivors (4096K)
 Metaspace       used 4633K, committed 4864K, reserved 1114112K
  class space    used 511K, committed 640K, reserved 1048576K
}
Event: 1.675 GC heap before
{Heap before GC invocations=1 (full 0):
 garbage-first heap   total reserved 3633152K, committed 227328K, used 44092K [0x0000000722400000, 0x0000000800000000)
  region size 2048K, 23 young (47104K), 2 survivors (4096K)
 Metaspace       used 14024K, committed 14336K, reserved 1114112K
  class space    used 1994K, committed 2112K, reserved 1048576K
}
Event: 1.682 GC heap after
{Heap after GC invocations=2 (full 0):
 garbage-first heap   total reserved 3633152K, committed 227328K, used 8966K [0x0000000722400000, 0x0000000800000000)
  region size 2048K, 3 young (6144K), 3 survivors (6144K)
 Metaspace       used 14024K, committed 14336K, reserved 1114112K
  class space    used 1994K, committed 2112K, reserved 1048576K
}
Event: 11.167 GC heap before
{Heap before GC invocations=2 (full 0):
 garbage-first heap   total reserved 3633152K, committed 227328K, used 39686K [0x0000000722400000, 0x0000000800000000)
  region size 2048K, 19 young (38912K), 3 survivors (6144K)
 Metaspace       used 21171K, committed 21504K, reserved 1114112K
  class space    used 3099K, committed 3264K, reserved 1048576K
}
Event: 11.174 GC heap after
{Heap after GC invocations=3 (full 0):
 garbage-first heap   total reserved 3633152K, committed 227328K, used 16951K [0x0000000722400000, 0x0000000800000000)
  region size 2048K, 6 young (12288K), 6 survivors (12288K)
 Metaspace       used 21171K, committed 21504K, reserved 1114112K
  class space    used 3099K, committed 3264K, reserved 1048576K
}
Event: 18.568 GC heap before
{Heap before GC invocations=4 (full 0):
 garbage-first heap   total reserved 3633152K, committed 120832K, used 119351K [0x0000000722400000, 0x0000000800000000)
  region size 2048K, 21 young (43008K), 6 survivors (12288K)
 Metaspace       used 25536K, committed 25920K, reserved 1114112K
  class space    used 3602K, committed 3776K, reserved 1048576K
}
Event: 18.581 GC heap after
{Heap after GC invocations=5 (full 0):
 garbage-first heap   total reserved 3633152K, committed 139264K, used 92695K [0x0000000722400000, 0x0000000800000000)
  region size 2048K, 5 young (10240K), 5 survivors (10240K)
 Metaspace       used 25536K, committed 25920K, reserved 1114112K
  class space    used 3602K, committed 3776K, reserved 1048576K
}

Dll operation events (20 events):
Event: 0.511 Loaded shared library C:\Users\nuutt\.openjfx\cache\20.0.1+2\amd64\api-ms-win-crt-multibyte-l1-1-0.dll
Event: 0.516 Loaded shared library C:\Users\nuutt\.openjfx\cache\20.0.1+2\amd64\api-ms-win-crt-private-l1-1-0.dll
Event: 0.520 Loaded shared library C:\Users\nuutt\.openjfx\cache\20.0.1+2\amd64\api-ms-win-crt-process-l1-1-0.dll
Event: 0.524 Loaded shared library C:\Users\nuutt\.openjfx\cache\20.0.1+2\amd64\api-ms-win-crt-runtime-l1-1-0.dll
Event: 0.529 Loaded shared library C:\Users\nuutt\.openjfx\cache\20.0.1+2\amd64\api-ms-win-crt-stdio-l1-1-0.dll
Event: 0.533 Loaded shared library C:\Users\nuutt\.openjfx\cache\20.0.1+2\amd64\api-ms-win-crt-string-l1-1-0.dll
Event: 0.537 Loaded shared library C:\Users\nuutt\.openjfx\cache\20.0.1+2\amd64\api-ms-win-crt-time-l1-1-0.dll
Event: 0.541 Loaded shared library C:\Users\nuutt\.openjfx\cache\20.0.1+2\amd64\api-ms-win-crt-utility-l1-1-0.dll
Event: 0.558 Loaded shared library C:\Users\nuutt\.openjfx\cache\20.0.1+2\amd64\ucrtbase.dll
Event: 0.563 Loaded shared library C:\Users\nuutt\.openjfx\cache\20.0.1+2\amd64\vcruntime140.dll
Event: 0.568 Loaded shared library C:\Users\nuutt\.openjfx\cache\20.0.1+2\amd64\vcruntime140_1.dll
Event: 0.578 Loaded shared library C:\Users\nuutt\.openjfx\cache\20.0.1+2\amd64\msvcp140.dll
Event: 0.582 Loaded shared library C:\Users\nuutt\.openjfx\cache\20.0.1+2\amd64\msvcp140_1.dll
Event: 0.589 Loaded shared library C:\Users\nuutt\.openjfx\cache\20.0.1+2\amd64\msvcp140_2.dll
Event: 0.636 Loaded shared library C:\Users\nuutt\.openjfx\cache\20.0.1+2\amd64\prism_d3d.dll
Event: 0.697 Loaded shared library C:\Users\nuutt\.openjfx\cache\20.0.1+2\amd64\glass.dll
Event: 0.830 Loaded shared library C:\Program Files\Java\jdk-22\bin\jimage.dll
Event: 1.096 Loaded shared library C:\Users\nuutt\.openjfx\cache\20.0.1+2\amd64\javafx_font.dll
Event: 18.728 Loaded shared library C:\Program Files\Java\jdk-22\bin\sunmscapi.dll
Event: 19.206 Loaded shared library C:\Users\nuutt\.openjfx\cache\20.0.1+2\amd64\javafx_iio.dll

Deoptimization events (20 events):
Event: 20.913 Thread 0x000002addfe4d850 Uncommon trap: trap_request=0xffffffc6 fr.pc=0x000002add0ce15c0 relative=0x0000000000003020
Event: 20.913 Thread 0x000002addfe4d850 Uncommon trap: reason=bimorphic_or_optimized_type_check action=maybe_recompile pc=0x000002add0ce15c0 method=javafx.css.CompoundSelector.stateMatches(Ljavafx/css/Styleable;Ljava/util/Set;I)Z @ 160 c2
Event: 20.913 Thread 0x000002addfe4d850 DEOPT PACKING pc=0x000002add0ce15c0 sp=0x000000dfafef8590
Event: 20.913 Thread 0x000002addfe4d850 DEOPT UNPACKING pc=0x000002add05046a2 sp=0x000000dfafef8588 mode 2
Event: 20.913 Thread 0x000002addfe4d850 Uncommon trap: trap_request=0xffffffc6 fr.pc=0x000002add0ce15c0 relative=0x0000000000003020
Event: 20.913 Thread 0x000002addfe4d850 Uncommon trap: reason=bimorphic_or_optimized_type_check action=maybe_recompile pc=0x000002add0ce15c0 method=javafx.css.CompoundSelector.stateMatches(Ljavafx/css/Styleable;Ljava/util/Set;I)Z @ 160 c2
Event: 20.913 Thread 0x000002addfe4d850 DEOPT PACKING pc=0x000002add0ce15c0 sp=0x000000dfafef8590
Event: 20.913 Thread 0x000002addfe4d850 DEOPT UNPACKING pc=0x000002add05046a2 sp=0x000000dfafef8588 mode 2
Event: 20.913 Thread 0x000002addfe4d850 Uncommon trap: trap_request=0xffffffc6 fr.pc=0x000002add0ce15c0 relative=0x0000000000003020
Event: 20.913 Thread 0x000002addfe4d850 Uncommon trap: reason=bimorphic_or_optimized_type_check action=maybe_recompile pc=0x000002add0ce15c0 method=javafx.css.CompoundSelector.stateMatches(Ljavafx/css/Styleable;Ljava/util/Set;I)Z @ 160 c2
Event: 20.913 Thread 0x000002addfe4d850 DEOPT PACKING pc=0x000002add0ce15c0 sp=0x000000dfafef8590
Event: 20.913 Thread 0x000002addfe4d850 DEOPT UNPACKING pc=0x000002add05046a2 sp=0x000000dfafef8588 mode 2
Event: 20.913 Thread 0x000002addfe4d850 Uncommon trap: trap_request=0xffffffc6 fr.pc=0x000002add0ce15c0 relative=0x0000000000003020
Event: 20.913 Thread 0x000002addfe4d850 Uncommon trap: reason=bimorphic_or_optimized_type_check action=maybe_recompile pc=0x000002add0ce15c0 method=javafx.css.CompoundSelector.stateMatches(Ljavafx/css/Styleable;Ljava/util/Set;I)Z @ 160 c2
Event: 20.913 Thread 0x000002addfe4d850 DEOPT PACKING pc=0x000002add0ce15c0 sp=0x000000dfafef8590
Event: 20.913 Thread 0x000002addfe4d850 DEOPT UNPACKING pc=0x000002add05046a2 sp=0x000000dfafef8588 mode 2
Event: 24.237 Thread 0x000002ae26312380 Uncommon trap: trap_request=0xffffff45 fr.pc=0x000002add0bea5dc relative=0x000000000000013c
Event: 24.237 Thread 0x000002ae26312380 Uncommon trap: reason=unstable_if action=reinterpret pc=0x000002add0bea5dc method=java.lang.ThreadLocal$ThreadLocalMap.getEntry(Ljava/lang/ThreadLocal;)Ljava/lang/ThreadLocal$ThreadLocalMap$Entry; @ 21 c2
Event: 24.237 Thread 0x000002ae26312380 DEOPT PACKING pc=0x000002add0bea5dc sp=0x000000dfb1efe9c0
Event: 24.237 Thread 0x000002ae26312380 DEOPT UNPACKING pc=0x000002add05046a2 sp=0x000000dfb1efe8d0 mode 2

Classes loaded (20 events):
Event: 19.223 Loading class sun/net/www/http/KeepAliveCache$1
Event: 19.223 Loading class sun/net/www/http/KeepAliveCache$1 done
Event: 19.223 Loading class sun/net/www/http/KeepAliveCache$ClientVector
Event: 19.224 Loading class sun/net/www/http/KeepAliveCache$ClientVector done
Event: 19.224 Loading class jdk/internal/event/ThreadSleepEvent
Event: 19.224 Loading class jdk/internal/event/ThreadSleepEvent done
Event: 19.225 Loading class sun/net/www/http/KeepAliveEntry
Event: 19.225 Loading class sun/net/www/http/KeepAliveEntry done
Event: 24.225 Loading class sun/security/ssl/Alert
Event: 24.236 Loading class sun/security/ssl/Alert done
Event: 24.237 Loading class sun/security/ssl/Alert$AlertConsumer
Event: 24.237 Loading class sun/security/ssl/Alert$AlertConsumer done
Event: 24.237 Loading class sun/security/ssl/Alert$Level
Event: 24.237 Loading class sun/security/ssl/Alert$Level done
Event: 24.239 Loading class java/net/SocketTimeoutException
Event: 24.239 Loading class java/io/InterruptedIOException
Event: 24.239 Loading class java/io/InterruptedIOException done
Event: 24.239 Loading class java/net/SocketTimeoutException done
Event: 763.889 Loading class jdk/internal/misc/Signal$1
Event: 763.889 Loading class jdk/internal/misc/Signal$1 done

Classes unloaded (0 events):
No events

Classes redefined (0 events):
No events

Internal exceptions (20 events):
Event: 8.740 Thread 0x000002addfe4d850 Exception <a 'sun/nio/fs/WindowsException'{0x000000072f19bd58}> (0x000000072f19bd58) 
thrown [s\open\src\hotspot\share\prims\jni.cpp, line 520]
Event: 8.747 Thread 0x000002addfe4d850 Exception <a 'java/lang/NoSuchMethodError'{0x000000072f1a6888}: 'java.lang.Object java.lang.invoke.DirectMethodHandle$Holder.invokeVirtual(java.lang.Object, java.lang.Object, java.lang.Object)'> (0x000000072f1a6888) 
thrown [s\open\src\hotspot\share\interpreter\linkResolver.cpp, line 774]
Event: 8.825 Thread 0x000002addfe4d850 Exception <a 'sun/nio/fs/WindowsException'{0x000000072ec88390}> (0x000000072ec88390) 
thrown [s\open\src\hotspot\share\prims\jni.cpp, line 520]
Event: 11.136 Thread 0x000002addfe4d850 Exception <a 'sun/nio/fs/WindowsException'{0x000000072e5ed5f0}> (0x000000072e5ed5f0) 
thrown [s\open\src\hotspot\share\prims\jni.cpp, line 520]
Event: 11.155 Thread 0x000002addfe4d850 Exception <a 'java/lang/ClassNotFoundException'{0x000000072e247dd8}: com/sun/javafx/scene/control/skin/resources/controls-nt> (0x000000072e247dd8) 
thrown [s\open\src\hotspot\share\prims\jni.cpp, line 539]
Event: 11.156 Thread 0x000002addfe4d850 Exception <a 'java/lang/ClassNotFoundException'{0x000000072e250450}: com/sun/javafx/scene/control/skin/resources/controls-nt_fi> (0x000000072e250450) 
thrown [s\open\src\hotspot\share\prims\jni.cpp, line 539]
Event: 11.156 Thread 0x000002addfe4d850 Exception <a 'java/lang/ClassNotFoundException'{0x000000072e2516e8}: com/sun/javafx/scene/control/skin/resources/controls-nt_fi_FI> (0x000000072e2516e8) 
thrown [s\open\src\hotspot\share\prims\jni.cpp, line 539]
Event: 12.602 Thread 0x000002addfe4ffb0 Exception <a 'java/lang/NoSuchMethodError'{0x0000000724b4e170}: 'java.lang.Object java.lang.invoke.DirectMethodHandle$Holder.invokeStaticInit(java.lang.Object, int)'> (0x0000000724b4e170) 
thrown [s\open\src\hotspot\share\interpreter\linkResolver.cpp, line 774]
Event: 16.194 Thread 0x000002addfe4d850 Exception <a 'java/lang/NoSuchMethodError'{0x0000000723c6ff88}: 'java.lang.Object java.lang.invoke.DirectMethodHandle$Holder.invokeSpecial(java.lang.Object, java.lang.Object, java.lang.Object, java.lang.Object, int)'> (0x0000000723c6ff88) 
thrown [s\open\src\hotspot\share\interpreter\linkResolver.cpp, line 774]
Event: 16.194 Thread 0x000002addfe4d850 Exception <a 'java/lang/NoSuchMethodError'{0x0000000723c73410}: 'java.lang.Object java.lang.invoke.Invokers$Holder.linkToTargetMethod(java.lang.Object, java.lang.Object, int, java.lang.Object)'> (0x0000000723c73410) 
thrown [s\open\src\hotspot\share\interpreter\linkResolver.cpp, line 774]
Event: 16.977 Thread 0x000002addfe4d850 Exception <a 'java/lang/NullPointerException'{0x0000000723cecea8}> (0x0000000723cecea8) 
thrown [s\open\src\hotspot\share\interpreter\linkResolver.cpp, line 1374]
Event: 16.990 Thread 0x000002addfe4d850 Exception <a 'java/io/FileNotFoundException'{0x0000000723d36ca0}> (0x0000000723d36ca0) 
thrown [s\open\src\hotspot\share\prims\jni.cpp, line 520]
Event: 18.455 Thread 0x000002addfe4d850 Exception <a 'sun/nio/fs/WindowsException'{0x0000000723631340}> (0x0000000723631340) 
thrown [s\open\src\hotspot\share\prims\jni.cpp, line 520]
Event: 18.505 Thread 0x000002addfe4d850 Exception <a 'sun/nio/fs/WindowsException'{0x00000007236f3370}> (0x00000007236f3370) 
thrown [s\open\src\hotspot\share\prims\jni.cpp, line 520]
Event: 18.655 Thread 0x000002addfe4d850 Exception <a 'java/lang/NoSuchMethodError'{0x000000072dfcc090}: 'java.lang.Object java.lang.invoke.DirectMethodHandle$Holder.invokeStaticInit(java.lang.Object, int, int, int, int)'> (0x000000072dfcc090) 
thrown [s\open\src\hotspot\share\interpreter\linkResolver.cpp, line 774]
Event: 18.673 Thread 0x000002addfe4d850 Exception <a 'java/lang/NoSuchMethodError'{0x000000072dc03a08}: 'java.lang.Object java.lang.invoke.DirectMethodHandle$Holder.invokeStaticInit(java.lang.Object, java.lang.Object, int, int, int, int)'> (0x000000072dc03a08) 
thrown [s\open\src\hotspot\share\interpreter\linkResolver.cpp, line 774]
Event: 18.681 Thread 0x000002addfe4d850 Implicit null exception at 0x000002add0c35c32 to 0x000002add0c35fc0
Event: 19.254 Thread 0x000002addfe4d850 Exception <a 'java/lang/NoSuchMethodError'{0x000000072d66c500}: 'java.lang.Object java.lang.invoke.DirectMethodHandle$Holder.invokeSpecial(java.lang.Object, java.lang.Object, int, double)'> (0x000000072d66c500) 
thrown [s\open\src\hotspot\share\interpreter\linkResolver.cpp, line 774]
Event: 19.269 Thread 0x000002addfe4d850 Exception <a 'java/io/FileNotFoundException'{0x000000072d6846c0}> (0x000000072d6846c0) 
thrown [s\open\src\hotspot\share\prims\jni.cpp, line 520]
Event: 24.237 Thread 0x000002ae26312380 Implicit null exception at 0x000002add0bea505 to 0x000002add0bea5bc

ZGC Phase Switch (0 events):
No events

VM Operations (20 events):
Event: 18.588 Executing VM operation: HandshakeAllThreads (Deoptimize) done
Event: 18.841 Executing VM operation: HandshakeAllThreads (Deoptimize)
Event: 18.841 Executing VM operation: HandshakeAllThreads (Deoptimize) done
Event: 19.193 Executing VM operation: HandshakeAllThreads (Deoptimize)
Event: 19.193 Executing VM operation: HandshakeAllThreads (Deoptimize) done
Event: 19.225 Executing VM operation: HandshakeAllThreads (Deoptimize)
Event: 19.225 Executing VM operation: HandshakeAllThreads (Deoptimize) done
Event: 19.352 Executing VM operation: ICBufferFull
Event: 19.352 Executing VM operation: ICBufferFull done
Event: 21.353 Executing VM operation: Cleanup
Event: 21.353 Executing VM operation: Cleanup done
Event: 29.357 Executing VM operation: Cleanup
Event: 29.357 Executing VM operation: Cleanup done
Event: 60.158 Executing VM operation: HandshakeAllThreads (HandshakeForDeflation)
Event: 60.158 Executing VM operation: HandshakeAllThreads (HandshakeForDeflation) done
Event: 60.158 Executing VM operation: RendezvousGCThreads
Event: 60.158 Executing VM operation: RendezvousGCThreads done
Event: 554.847 Executing VM operation: Cleanup
Event: 554.847 Executing VM operation: Cleanup done
Event: 763.893 Executing VM operation: Exit

Events (20 events):
Event: 16.978 Thread 0x000002ae25187550 Thread exited: 0x000002ae25187550
Event: 16.992 Thread 0x000002ae25184c70 Thread added: 0x000002ae25184c70
Event: 17.043 Thread 0x000002ae25185340 Thread added: 0x000002ae25185340
Event: 17.585 Thread 0x000002ae25185340 Thread exited: 0x000002ae25185340
Event: 17.585 Thread 0x000002ae25184c70 Thread exited: 0x000002ae25184c70
Event: 18.470 Thread 0x000002ae251845a0 Thread added: 0x000002ae251845a0
Event: 18.918 Thread 0x000002ae25186e80 Thread added: 0x000002ae25186e80
Event: 19.114 Thread 0x000002ae26312380 Thread added: 0x000002ae26312380
Event: 19.115 Thread 0x000002ae26312380 Thread exited: 0x000002ae26312380
Event: 19.223 Thread 0x000002ae26312380 Thread added: 0x000002ae26312380
Event: 20.093 Thread 0x000002ae25186e80 Thread exited: 0x000002ae25186e80
Event: 20.150 Thread 0x000002ae251845a0 Thread exited: 0x000002ae251845a0
Event: 20.904 Thread 0x000002ae257d69a0 Thread added: 0x000002ae257d69a0
Event: 24.394 Thread 0x000002ae257d69a0 Thread exited: 0x000002ae257d69a0
Event: 29.240 Thread 0x000002ae26312380 Thread exited: 0x000002ae26312380
Event: 763.890 Thread 0x000002ae2630fc20 Thread added: 0x000002ae2630fc20
Event: 763.891 Thread 0x000002ae26315e90 Thread added: 0x000002ae26315e90
Event: 763.891 Thread 0x000002ae2630f590 Thread added: 0x000002ae2630f590
Event: 763.892 Thread 0x000002ae2630f590 Thread exited: 0x000002ae2630f590
Event: 763.893 Thread 0x000002ae26315e90 Thread exited: 0x000002ae26315e90


Dynamic libraries:
0x00007ff70b660000 - 0x00007ff70b670000 	C:\Program Files\Java\jdk-22\bin\java.exe
0x00007ffd36e70000 - 0x00007ffd37087000 	C:\WINDOWS\SYSTEM32\ntdll.dll
0x00007ffd36060000 - 0x00007ffd36124000 	C:\WINDOWS\System32\KERNEL32.DLL
0x00007ffd347f0000 - 0x00007ffd34b9d000 	C:\WINDOWS\System32\KERNELBASE.dll
0x00007ffd34650000 - 0x00007ffd34761000 	C:\WINDOWS\System32\ucrtbase.dll
0x00007ffd2dc50000 - 0x00007ffd2dc67000 	C:\Program Files\Java\jdk-22\bin\jli.dll
0x00007ffd29360000 - 0x00007ffd2937b000 	C:\Program Files\Java\jdk-22\bin\VCRUNTIME140.dll
0x00007ffd36170000 - 0x00007ffd36222000 	C:\WINDOWS\System32\ADVAPI32.dll
0x00007ffd35fa0000 - 0x00007ffd36047000 	C:\WINDOWS\System32\msvcrt.dll
0x00007ffd35420000 - 0x00007ffd354c9000 	C:\WINDOWS\System32\sechost.dll
0x00007ffd344e0000 - 0x00007ffd34508000 	C:\WINDOWS\System32\bcrypt.dll
0x00007ffd35e80000 - 0x00007ffd35f94000 	C:\WINDOWS\System32\RPCRT4.dll
0x00007ffd366e0000 - 0x00007ffd3688e000 	C:\WINDOWS\System32\USER32.dll
0x00007ffd345b0000 - 0x00007ffd345d6000 	C:\WINDOWS\System32\win32u.dll
0x00007ffd22d00000 - 0x00007ffd22f93000 	C:\WINDOWS\WinSxS\amd64_microsoft.windows.common-controls_6595b64144ccf1df_6.0.22621.3672_none_2713b9d173822955\COMCTL32.dll
0x00007ffd359d0000 - 0x00007ffd359f9000 	C:\WINDOWS\System32\GDI32.dll
0x00007ffd34190000 - 0x00007ffd342a9000 	C:\WINDOWS\System32\gdi32full.dll
0x00007ffd34510000 - 0x00007ffd345aa000 	C:\WINDOWS\System32\msvcp_win.dll
0x00007ffd2ee40000 - 0x00007ffd2ee4a000 	C:\WINDOWS\SYSTEM32\VERSION.dll
0x00007ffd36130000 - 0x00007ffd36161000 	C:\WINDOWS\System32\IMM32.DLL
0x00007ffd30fe0000 - 0x00007ffd30fec000 	C:\Program Files\Java\jdk-22\bin\vcruntime140_1.dll
0x00007ffcf5fb0000 - 0x00007ffcf603e000 	C:\Program Files\Java\jdk-22\bin\msvcp140.dll
0x00007ffcbfb50000 - 0x00007ffcc0898000 	C:\Program Files\Java\jdk-22\bin\server\jvm.dll
0x00007ffd36c90000 - 0x00007ffd36d01000 	C:\WINDOWS\System32\WS2_32.dll
0x00007ffd2fae0000 - 0x00007ffd2fb14000 	C:\WINDOWS\SYSTEM32\WINMM.dll
0x00007ffd33000000 - 0x00007ffd3304d000 	C:\WINDOWS\SYSTEM32\POWRPROF.dll
0x00007ffd32fe0000 - 0x00007ffd32ff3000 	C:\WINDOWS\SYSTEM32\UMPDC.dll
0x00007ffd33290000 - 0x00007ffd332a8000 	C:\WINDOWS\SYSTEM32\kernel.appcore.dll
0x00007ffd303a0000 - 0x00007ffd303aa000 	C:\Program Files\Java\jdk-22\bin\jimage.dll
0x00007ffd31bc0000 - 0x00007ffd31df2000 	C:\WINDOWS\SYSTEM32\DBGHELP.DLL
0x00007ffd35530000 - 0x00007ffd358be000 	C:\WINDOWS\System32\combase.dll
0x00007ffd36230000 - 0x00007ffd36307000 	C:\WINDOWS\System32\OLEAUT32.dll
0x00007ffd18430000 - 0x00007ffd18462000 	C:\WINDOWS\SYSTEM32\dbgcore.DLL
0x00007ffd34770000 - 0x00007ffd347eb000 	C:\WINDOWS\System32\bcryptPrimitives.dll
0x00007ffd2fe20000 - 0x00007ffd2fe2f000 	C:\Program Files\Java\jdk-22\bin\instrument.dll
0x00007ffd27720000 - 0x00007ffd2773e000 	C:\Program Files\Java\jdk-22\bin\java.dll
0x00007ffd34bb0000 - 0x00007ffd35417000 	C:\WINDOWS\System32\SHELL32.dll
0x00007ffd364a0000 - 0x00007ffd36645000 	C:\WINDOWS\System32\ole32.dll
0x00007ffd320d0000 - 0x00007ffd329cf000 	C:\WINDOWS\SYSTEM32\windows.storage.dll
0x00007ffd31f90000 - 0x00007ffd320cf000 	C:\WINDOWS\SYSTEM32\wintypes.dll
0x00007ffd36d30000 - 0x00007ffd36e29000 	C:\WINDOWS\System32\SHCORE.dll
0x00007ffd36890000 - 0x00007ffd368ee000 	C:\WINDOWS\System32\shlwapi.dll
0x00007ffd340c0000 - 0x00007ffd340e7000 	C:\WINDOWS\SYSTEM32\profapi.dll
0x00007ffccc9f0000 - 0x00007ffcccac7000 	C:\Program Files\Java\jdk-22\bin\jsvml.dll
0x00007ffd2f320000 - 0x00007ffd2f330000 	C:\Program Files\Java\jdk-22\bin\net.dll
0x00007ffd336f0000 - 0x00007ffd33759000 	C:\WINDOWS\system32\mswsock.dll
0x00007ffd207d0000 - 0x00007ffd207e6000 	C:\Program Files\Java\jdk-22\bin\nio.dll
0x00007ffd20730000 - 0x00007ffd20747000 	C:\Program Files\Java\jdk-22\bin\zip.dll
0x00007ffd20710000 - 0x00007ffd2072a000 	C:\Program Files\JetBrains\IntelliJ IDEA 2023.3.6\bin\breakgen64.dll
0x000002addffa0000 - 0x000002addffa3000 	C:\Users\nuutt\.openjfx\cache\20.0.1+2\amd64\api-ms-win-core-console-l1-1-0.dll
0x000002addffb0000 - 0x000002addffb3000 	C:\Users\nuutt\.openjfx\cache\20.0.1+2\amd64\api-ms-win-core-console-l1-2-0.dll
0x000002addffc0000 - 0x000002addffc3000 	C:\Users\nuutt\.openjfx\cache\20.0.1+2\amd64\api-ms-win-core-datetime-l1-1-0.dll
0x000002addffd0000 - 0x000002addffd3000 	C:\Users\nuutt\.openjfx\cache\20.0.1+2\amd64\api-ms-win-core-debug-l1-1-0.dll
0x000002addffe0000 - 0x000002addffe3000 	C:\Users\nuutt\.openjfx\cache\20.0.1+2\amd64\api-ms-win-core-errorhandling-l1-1-0.dll
0x000002addfff0000 - 0x000002addfff4000 	C:\Users\nuutt\.openjfx\cache\20.0.1+2\amd64\api-ms-win-core-file-l1-1-0.dll
0x000002ae26bd0000 - 0x000002ae26bd3000 	C:\Users\nuutt\.openjfx\cache\20.0.1+2\amd64\api-ms-win-core-file-l1-2-0.dll
0x000002ae26be0000 - 0x000002ae26be3000 	C:\Users\nuutt\.openjfx\cache\20.0.1+2\amd64\api-ms-win-core-file-l2-1-0.dll
0x000002ae26bf0000 - 0x000002ae26bf3000 	C:\Users\nuutt\.openjfx\cache\20.0.1+2\amd64\api-ms-win-core-handle-l1-1-0.dll
0x000002ae26c00000 - 0x000002ae26c03000 	C:\Users\nuutt\.openjfx\cache\20.0.1+2\amd64\api-ms-win-core-heap-l1-1-0.dll
0x000002ae26c10000 - 0x000002ae26c13000 	C:\Users\nuutt\.openjfx\cache\20.0.1+2\amd64\api-ms-win-core-interlocked-l1-1-0.dll
0x000002ae26c20000 - 0x000002ae26c23000 	C:\Users\nuutt\.openjfx\cache\20.0.1+2\amd64\api-ms-win-core-libraryloader-l1-1-0.dll
0x000002ae26c30000 - 0x000002ae26c33000 	C:\Users\nuutt\.openjfx\cache\20.0.1+2\amd64\api-ms-win-core-localization-l1-2-0.dll
0x000002ae26c40000 - 0x000002ae26c43000 	C:\Users\nuutt\.openjfx\cache\20.0.1+2\amd64\api-ms-win-core-memory-l1-1-0.dll
0x000002ae26c50000 - 0x000002ae26c53000 	C:\Users\nuutt\.openjfx\cache\20.0.1+2\amd64\api-ms-win-core-namedpipe-l1-1-0.dll
0x000002ae26c60000 - 0x000002ae26c63000 	C:\Users\nuutt\.openjfx\cache\20.0.1+2\amd64\api-ms-win-core-processenvironment-l1-1-0.dll
0x000002ae26c70000 - 0x000002ae26c73000 	C:\Users\nuutt\.openjfx\cache\20.0.1+2\amd64\api-ms-win-core-processthreads-l1-1-0.dll
0x000002ae26c80000 - 0x000002ae26c83000 	C:\Users\nuutt\.openjfx\cache\20.0.1+2\amd64\api-ms-win-core-processthreads-l1-1-1.dll
0x000002ae26c90000 - 0x000002ae26c93000 	C:\Users\nuutt\.openjfx\cache\20.0.1+2\amd64\api-ms-win-core-profile-l1-1-0.dll
0x000002ae26ca0000 - 0x000002ae26ca3000 	C:\Users\nuutt\.openjfx\cache\20.0.1+2\amd64\api-ms-win-core-rtlsupport-l1-1-0.dll
0x000002ae26cb0000 - 0x000002ae26cb3000 	C:\Users\nuutt\.openjfx\cache\20.0.1+2\amd64\api-ms-win-core-string-l1-1-0.dll
0x000002ae26cc0000 - 0x000002ae26cc3000 	C:\Users\nuutt\.openjfx\cache\20.0.1+2\amd64\api-ms-win-core-synch-l1-1-0.dll
0x000002ae26cd0000 - 0x000002ae26cd3000 	C:\Users\nuutt\.openjfx\cache\20.0.1+2\amd64\api-ms-win-core-synch-l1-2-0.dll
0x000002ae26ce0000 - 0x000002ae26ce3000 	C:\Users\nuutt\.openjfx\cache\20.0.1+2\amd64\api-ms-win-core-sysinfo-l1-1-0.dll
0x000002ae26cf0000 - 0x000002ae26cf3000 	C:\Users\nuutt\.openjfx\cache\20.0.1+2\amd64\api-ms-win-core-timezone-l1-1-0.dll
0x000002ae26d00000 - 0x000002ae26d03000 	C:\Users\nuutt\.openjfx\cache\20.0.1+2\amd64\api-ms-win-core-util-l1-1-0.dll
0x000002ae26d10000 - 0x000002ae26d13000 	C:\Users\nuutt\.openjfx\cache\20.0.1+2\amd64\api-ms-win-crt-conio-l1-1-0.dll
0x000002ae26d20000 - 0x000002ae26d24000 	C:\Users\nuutt\.openjfx\cache\20.0.1+2\amd64\api-ms-win-crt-convert-l1-1-0.dll
0x000002ae26d30000 - 0x000002ae26d33000 	C:\Users\nuutt\.openjfx\cache\20.0.1+2\amd64\api-ms-win-crt-environment-l1-1-0.dll
0x000002ae26d40000 - 0x000002ae26d43000 	C:\Users\nuutt\.openjfx\cache\20.0.1+2\amd64\api-ms-win-crt-filesystem-l1-1-0.dll
0x000002ae26d50000 - 0x000002ae26d53000 	C:\Users\nuutt\.openjfx\cache\20.0.1+2\amd64\api-ms-win-crt-heap-l1-1-0.dll
0x000002ae26d60000 - 0x000002ae26d63000 	C:\Users\nuutt\.openjfx\cache\20.0.1+2\amd64\api-ms-win-crt-locale-l1-1-0.dll
0x000002ae26d70000 - 0x000002ae26d75000 	C:\Users\nuutt\.openjfx\cache\20.0.1+2\amd64\api-ms-win-crt-math-l1-1-0.dll
0x000002ae26d80000 - 0x000002ae26d85000 	C:\Users\nuutt\.openjfx\cache\20.0.1+2\amd64\api-ms-win-crt-multibyte-l1-1-0.dll
0x000002ae26d90000 - 0x000002ae26da0000 	C:\Users\nuutt\.openjfx\cache\20.0.1+2\amd64\api-ms-win-crt-private-l1-1-0.dll
0x000002ae26da0000 - 0x000002ae26da3000 	C:\Users\nuutt\.openjfx\cache\20.0.1+2\amd64\api-ms-win-crt-process-l1-1-0.dll
0x000002ae26db0000 - 0x000002ae26db4000 	C:\Users\nuutt\.openjfx\cache\20.0.1+2\amd64\api-ms-win-crt-runtime-l1-1-0.dll
0x000002ae26dc0000 - 0x000002ae26dc4000 	C:\Users\nuutt\.openjfx\cache\20.0.1+2\amd64\api-ms-win-crt-stdio-l1-1-0.dll
0x000002ae26dd0000 - 0x000002ae26dd4000 	C:\Users\nuutt\.openjfx\cache\20.0.1+2\amd64\api-ms-win-crt-string-l1-1-0.dll
0x000002ae26de0000 - 0x000002ae26de3000 	C:\Users\nuutt\.openjfx\cache\20.0.1+2\amd64\api-ms-win-crt-time-l1-1-0.dll
0x000002ae26df0000 - 0x000002ae26df3000 	C:\Users\nuutt\.openjfx\cache\20.0.1+2\amd64\api-ms-win-crt-utility-l1-1-0.dll
0x00007ffccc680000 - 0x00007ffccc77c000 	C:\Users\nuutt\.openjfx\cache\20.0.1+2\amd64\ucrtbase.dll
0x00007ffd20380000 - 0x00007ffd2039b000 	C:\Users\nuutt\.openjfx\cache\20.0.1+2\amd64\vcruntime140.dll
0x00007ffd202f0000 - 0x00007ffd202fc000 	C:\Users\nuutt\.openjfx\cache\20.0.1+2\amd64\vcruntime140_1.dll
0x00007ffcddfd0000 - 0x00007ffcde05e000 	C:\Users\nuutt\.openjfx\cache\20.0.1+2\amd64\msvcp140.dll
0x00007ffd18e60000 - 0x00007ffd18e69000 	C:\Users\nuutt\.openjfx\cache\20.0.1+2\amd64\msvcp140_1.dll
0x00007ffd03e60000 - 0x00007ffd03e90000 	C:\Users\nuutt\.openjfx\cache\20.0.1+2\amd64\msvcp140_2.dll
0x00007ffd02fc0000 - 0x00007ffd02fef000 	C:\Users\nuutt\.openjfx\cache\20.0.1+2\amd64\prism_d3d.dll
0x00007ffcfd1e0000 - 0x00007ffcfd388000 	C:\WINDOWS\system32\d3d9.dll
0x00007ffd314f0000 - 0x00007ffd3151b000 	C:\WINDOWS\SYSTEM32\dwmapi.dll
0x00007ffd31560000 - 0x00007ffd31597000 	C:\WINDOWS\SYSTEM32\dxcore.dll
0x00007ffd312a0000 - 0x00007ffd31351000 	C:\WINDOWS\system32\uxtheme.dll
0x00007ffd25920000 - 0x00007ffd25adb000 	C:\WINDOWS\System32\DriverStore\FileRepository\u0386187.inf_amd64_e45f6929dd019ce6\B385477\aticfx64.dll
0x00007ffd02860000 - 0x00007ffd02894000 	C:\WINDOWS\System32\DriverStore\FileRepository\u0386187.inf_amd64_e45f6929dd019ce6\B385477\atiu9p64.dll
0x00007ffcac3a0000 - 0x00007ffcad0f5000 	C:\WINDOWS\System32\DriverStore\FileRepository\u0386187.inf_amd64_e45f6929dd019ce6\B385477\atiumd64.dll
0x00000000686f0000 - 0x0000000069617000 	C:\WINDOWS\System32\DriverStore\FileRepository\u0386187.inf_amd64_e45f6929dd019ce6\B385477\atiumd6a.dll
0x00007ffd35a00000 - 0x00007ffd35e74000 	C:\WINDOWS\System32\SETUPAPI.dll
0x00007ffd230b0000 - 0x00007ffd230e5000 	C:\WINDOWS\SYSTEM32\amdihk64.dll
0x00007ffd2b1c0000 - 0x00007ffd2b209000 	C:\WINDOWS\SYSTEM32\directxdatabasehelper.dll
0x00007ffcf6b10000 - 0x00007ffcf6b52000 	C:\Users\nuutt\.openjfx\cache\20.0.1+2\amd64\glass.dll
0x00007ffd358c0000 - 0x00007ffd359bf000 	C:\WINDOWS\System32\COMDLG32.dll
0x00007ffd36310000 - 0x00007ffd3646e000 	C:\WINDOWS\System32\MSCTF.dll
0x00007ffd18e40000 - 0x00007ffd18e54000 	C:\Users\nuutt\.openjfx\cache\20.0.1+2\amd64\javafx_font.dll
0x00007ffd2c650000 - 0x00007ffd2c8c3000 	C:\WINDOWS\SYSTEM32\dwrite.dll
0x00007ffd36b00000 - 0x00007ffd36bb0000 	C:\WINDOWS\System32\clbcatq.dll
0x00007ffd31060000 - 0x00007ffd31211000 	C:\WINDOWS\SYSTEM32\WindowsCodecs.dll
0x00007ffcf9ae0000 - 0x00007ffcf9b3e000 	C:\WINDOWS\system32\dataexchange.dll
0x00007ffd26000000 - 0x00007ffd2628a000 	C:\WINDOWS\system32\twinapi.appcore.dll
0x00007ffcf4340000 - 0x00007ffcf4372000 	C:\Program Files\Common Files\Microsoft Shared\Ink\rtscom.dll
0x00007ffd20e40000 - 0x00007ffd20f83000 	C:\WINDOWS\SYSTEM32\textinputframework.dll
0x00007ffd2d960000 - 0x00007ffd2da93000 	C:\WINDOWS\SYSTEM32\CoreMessaging.dll
0x00007ffd28540000 - 0x00007ffd288ad000 	C:\WINDOWS\SYSTEM32\CoreUIComponents.dll
0x00007ffd33a20000 - 0x00007ffd33a2c000 	C:\WINDOWS\SYSTEM32\CRYPTBASE.DLL
0x00007ffd2c8d0000 - 0x00007ffd2cebe000 	C:\WINDOWS\SYSTEM32\d2d1.dll
0x00007ffd2cec0000 - 0x00007ffd2d117000 	C:\WINDOWS\SYSTEM32\d3d11.dll
0x00007ffd313e0000 - 0x00007ffd314d7000 	C:\WINDOWS\SYSTEM32\dxgi.dll
0x00007ffd278b0000 - 0x00007ffd27fc1000 	C:\WINDOWS\SYSTEM32\D3D10Warp.dll
0x00007ffd32d10000 - 0x00007ffd32e08000 	C:\WINDOWS\SYSTEM32\DNSAPI.dll
0x00007ffd32ca0000 - 0x00007ffd32ccd000 	C:\WINDOWS\SYSTEM32\IPHLPAPI.DLL

dbghelp: loaded successfully - version: 4.0.5 - missing functions: none
symbol engine: initialized successfully - sym options: 0x614 - pdb path: .;C:\Program Files\Java\jdk-22\bin;C:\WINDOWS\SYSTEM32;C:\WINDOWS\WinSxS\amd64_microsoft.windows.common-controls_6595b64144ccf1df_6.0.22621.3672_none_2713b9d173822955;C:\Program Files\Java\jdk-22\bin\server;C:\Program Files\JetBrains\IntelliJ IDEA 2023.3.6\bin;C:\Users\nuutt\.openjfx\cache\20.0.1+2\amd64;C:\WINDOWS\System32\DriverStore\FileRepository\u0386187.inf_amd64_e45f6929dd019ce6\B385477;C:\Program Files\Common Files\Microsoft Shared\Ink

VM Arguments:
jvm_args: -javaagent:C:\Program Files\JetBrains\IntelliJ IDEA 2023.3.6\lib\idea_rt.jar=59344:C:\Program Files\JetBrains\IntelliJ IDEA 2023.3.6\bin -Dfile.encoding=UTF-8 -Dsun.stdout.encoding=UTF-8 -Dsun.stderr.encoding=UTF-8 --module-path=C:\Users\nuutt\IdeaProjects\ProjectDemo\target\classes;C:\Users\nuutt\.m2\repository\org\kordamp\bootstrapfx\bootstrapfx-core\0.4.0\bootstrapfx-core-0.4.0.jar;C:\Users\nuutt\.m2\repository\org\openjfx\javafx-fxml\20.0.1\javafx-fxml-20.0.1-win.jar;C:\Users\nuutt\.m2\repository\org\openjfx\javafx-controls\20.0.1\javafx-controls-20.0.1-win.jar;C:\Users\nuutt\.m2\repository\org\openjfx\javafx-base\20.0.1\javafx-base-20.0.1-win.jar;C:\Users\nuutt\.m2\repository\com\dlsc\formsfx\formsfx-core\11.6.0\formsfx-core-11.6.0.jar;C:\Users\nuutt\.m2\repository\org\controlsfx\controlsfx\11.1.2\controlsfx-11.1.2.jar;C:\Users\nuutt\.m2\repository\org\openjfx\javafx-graphics\20.0.1\javafx-graphics-20.0.1-win.jar -Djdk.module.main=com.example.projectdemo 
java_command: com.example.projectdemo/com.example.projectdemo.view.Gui
java_class_path (initial): C:\Users\nuutt\.m2\repository\org\openjfx\javafx-controls\20.0.1\javafx-controls-20.0.1.jar;C:\Users\nuutt\.m2\repository\org\openjfx\javafx-graphics\20.0.1\javafx-graphics-20.0.1.jar;C:\Users\nuutt\.m2\repository\org\openjfx\javafx-base\20.0.1\javafx-base-20.0.1.jar;C:\Users\nuutt\.m2\repository\org\openjfx\javafx-fxml\20.0.1\javafx-fxml-20.0.1.jar;C:\Users\nuutt\.m2\repository\com\mysql\mysql-connector-j\8.0.32\mysql-connector-j-8.0.32.jar;C:\Users\nuutt\.m2\repository\com\google\protobuf\protobuf-java\3.21.9\protobuf-java-3.21.9.jar
Launcher Type: SUN_STANDARD

[Global flags]
     intx CICompilerCount                          = 4                                         {product} {ergonomic}
     uint ConcGCThreads                            = 3                                         {product} {ergonomic}
     uint G1ConcRefinementThreads                  = 10                                        {product} {ergonomic}
   size_t G1HeapRegionSize                         = 2097152                                   {product} {ergonomic}
   size_t InitialHeapSize                          = 232783872                                 {product} {ergonomic}
   size_t MarkStackSize                            = 4194304                                   {product} {ergonomic}
   size_t MaxHeapSize                              = 3720347648                                {product} {ergonomic}
   size_t MaxNewSize                               = 2231369728                                {product} {ergonomic}
   size_t MinHeapDeltaBytes                        = 2097152                                   {product} {ergonomic}
   size_t MinHeapSize                              = 8388608                                   {product} {ergonomic}
    uintx NonNMethodCodeHeapSize                   = 5839372                                {pd product} {ergonomic}
    uintx NonProfiledCodeHeapSize                  = 122909434                              {pd product} {ergonomic}
    uintx ProfiledCodeHeapSize                     = 122909434                              {pd product} {ergonomic}
    uintx ReservedCodeCacheSize                    = 251658240                              {pd product} {ergonomic}
     bool SegmentedCodeCache                       = true                                      {product} {ergonomic}
   size_t SoftMaxHeapSize                          = 3720347648                             {manageable} {ergonomic}
     bool UseCompressedOops                        = true                           {product lp64_product} {ergonomic}
     bool UseG1GC                                  = true                                      {product} {ergonomic}
     bool UseLargePagesIndividualAllocation        = false                                  {pd product} {ergonomic}

Logging:
Log output configuration:
 #0: stdout all=off uptime,level,tags foldmultilines=false
 #1: stderr all=off uptime,level,tags foldmultilines=false

Environment Variables:
PATH=C:\Program Files\Common Files\Oracle\Java\javapath;C:\Program Files (x86)\Common Files\Oracle\Java\java8path;C:\Program Files (x86)\Common Files\Oracle\Java\javapath;C:\Windows\system32;C:\Windows;C:\Windows\System32\Wbem;C:\Windows\System32\WindowsPowerShell\v1.0\;C:\Windows\System32\OpenSSH\;C:\Program Files (x86)\NVIDIA Corporation\PhysX\Common;C:\Program Files\NVIDIA Corporation\NVIDIA NvDLISR;C:\WINDOWS\system32;C:\WINDOWS;C:\WINDOWS\System32\Wbem;C:\WINDOWS\System32\WindowsPowerShell\v1.0\;C:\WINDOWS\System32\OpenSSH\;C:\Program Files\nodejs\;C:\Program Files\Git\cmd;C:\Program Files\Apache\apache-maven-3.9.9\bin;C:\Program Files\Apache\apache-maven-3.9.9\bin;C:\Program Files\Docker\Docker\resources\bin;C:\Program Files\Kubernetes\Minikube;C:\Program Files\Git\cmd;C:\Program Files\Apache\apache-maven-3.9.9;C:\Program Files\Java\jdk-17;C:\Program Files\MySQL\MySQL Server 8.0\bin;C:\Users\nuutt\AppData\Local\Programs\Python\Launcher\;C:\Users\nuutt\AppData\Local\Microsoft\WindowsApps;C:\Users\nuutt\AppData\Roaming\npm;C:\Users\nuutt\AppData\Local\GitHubDesktop\bin;C:\Users\nuutt\AppData\Local\Programs\Microsoft VS Code\bin
USERNAME=nuutt
OS=Windows_NT
PROCESSOR_IDENTIFIER=AMD64 Family 25 Model 80 Stepping 0, AuthenticAMD
TMP=C:\Users\nuutt\AppData\Local\Temp
TEMP=C:\Users\nuutt\AppData\Local\Temp




Periodic native trim disabled

---------------  S Y S T E M  ---------------

OS:
 Windows 11 , 64 bit Build 22621 (10.0.22621.3958)
OS uptime: 4 days 0:48 hours
Hyper-V role detected

CPU: total 12 (initial active 12) (12 cores per cpu, 2 threads per core) family 25 model 80 stepping 0 microcode 0x0, cx8, cmov, fxsr, ht, mmx, 3dnowpref, sse, sse2, sse3, ssse3, sse4a, sse4.1, sse4.2, popcnt, lzcnt, tsc, tscinvbit, avx, avx2, aes, erms, clmul, bmi1, bmi2, adx, sha, fma, vzeroupper, clflush, clflushopt, hv, rdtscp, rdpid, fsrm, f16c, cet_ss
Processor Information for processor 0
  Max Mhz: 3301, Current Mhz: 3301, Mhz Limit: 3301
Processor Information for processor 1
  Max Mhz: 3301, Current Mhz: 1805, Mhz Limit: 3301
Processor Information for processor 2
  Max Mhz: 3301, Current Mhz: 1805, Mhz Limit: 3301
Processor Information for processor 3
  Max Mhz: 3301, Current Mhz: 3301, Mhz Limit: 3301
Processor Information for processor 4
  Max Mhz: 3301, Current Mhz: 1805, Mhz Limit: 3301
Processor Information for processor 5
  Max Mhz: 3301, Current Mhz: 1805, Mhz Limit: 3301
Processor Information for processor 6
  Max Mhz: 3301, Current Mhz: 1805, Mhz Limit: 3301
Processor Information for processor 7
  Max Mhz: 3301, Current Mhz: 1805, Mhz Limit: 3301
Processor Information for processor 8
  Max Mhz: 3301, Current Mhz: 1805, Mhz Limit: 3301
Processor Information for processor 9
  Max Mhz: 3301, Current Mhz: 1805, Mhz Limit: 3301
Processor Information for processor 10
  Max Mhz: 3301, Current Mhz: 1805, Mhz Limit: 3301
Processor Information for processor 11
  Max Mhz: 3301, Current Mhz: 1805, Mhz Limit: 3301

Memory: 4k page, system-wide physical 14188M (3046M free)
TotalPageFile size 21315M (AvailPageFile size 4075M)
current process WorkingSet (physical memory assigned to process): 304M, peak: 326M
current process commit charge ("private bytes"): 452M, peak: 474M

vm_info: Java HotSpot(TM) 64-Bit Server VM (22+36-2370) for windows-amd64 JRE (22+36-2370), built on 2024-02-15T22:15:19Z by "mach5one" with MS VC++ 17.6 (VS2022)

END.
